mode: set
github.com/mark3748/helpdesk-go/cmd/api/app/app.go:57.37,58.34 1 0
github.com/mark3748/helpdesk-go/cmd/api/app/app.go:58.34,60.3 1 0
github.com/mark3748/helpdesk-go/cmd/api/app/app.go:61.2,61.12 1 0
github.com/mark3748/helpdesk-go/cmd/api/app/app.go:65.25,88.81 2 0
github.com/mark3748/helpdesk-go/cmd/api/app/app.go:88.81,90.3 1 0
github.com/mark3748/helpdesk-go/cmd/api/app/app.go:91.2,91.73 1 0
github.com/mark3748/helpdesk-go/cmd/api/app/app.go:91.73,93.3 1 0
github.com/mark3748/helpdesk-go/cmd/api/app/app.go:94.2,94.79 1 0
github.com/mark3748/helpdesk-go/cmd/api/app/app.go:94.79,96.3 1 0
github.com/mark3748/helpdesk-go/cmd/api/app/app.go:97.2,97.12 1 0
github.com/mark3748/helpdesk-go/cmd/api/app/app.go:119.178,124.22 4 0
github.com/mark3748/helpdesk-go/cmd/api/app/app.go:124.22,126.3 1 0
github.com/mark3748/helpdesk-go/cmd/api/app/app.go:127.2,127.48 1 0
github.com/mark3748/helpdesk-go/cmd/api/app/app.go:127.48,129.3 1 0
github.com/mark3748/helpdesk-go/cmd/api/app/app.go:130.2,133.77 3 0
github.com/mark3748/helpdesk-go/cmd/api/app/app.go:133.77,135.3 1 0
github.com/mark3748/helpdesk-go/cmd/api/app/app.go:136.2,138.16 3 0
github.com/mark3748/helpdesk-go/cmd/api/app/app.go:138.16,140.3 1 0
github.com/mark3748/helpdesk-go/cmd/api/app/app.go:141.2,142.48 2 0
github.com/mark3748/helpdesk-go/cmd/api/app/app.go:142.48,145.3 2 0
github.com/mark3748/helpdesk-go/cmd/api/app/app.go:146.2,146.46 1 0
github.com/mark3748/helpdesk-go/cmd/api/app/app.go:146.46,148.3 1 0
github.com/mark3748/helpdesk-go/cmd/api/app/app.go:149.2,149.85 1 0
github.com/mark3748/helpdesk-go/cmd/api/app/app.go:152.128,157.22 5 0
github.com/mark3748/helpdesk-go/cmd/api/app/app.go:157.22,159.3 1 0
github.com/mark3748/helpdesk-go/cmd/api/app/app.go:160.2,162.77 3 0
github.com/mark3748/helpdesk-go/cmd/api/app/app.go:162.77,164.3 1 0
github.com/mark3748/helpdesk-go/cmd/api/app/app.go:165.2,165.25 1 0
github.com/mark3748/helpdesk-go/cmd/api/app/app.go:169.136,172.2 2 0
github.com/mark3748/helpdesk-go/cmd/api/app/app.go:175.144,180.22 5 0
github.com/mark3748/helpdesk-go/cmd/api/app/app.go:180.22,182.3 1 0
github.com/mark3748/helpdesk-go/cmd/api/app/app.go:183.2,185.77 3 0
github.com/mark3748/helpdesk-go/cmd/api/app/app.go:185.77,187.3 1 0
github.com/mark3748/helpdesk-go/cmd/api/app/app.go:188.2,189.16 2 0
github.com/mark3748/helpdesk-go/cmd/api/app/app.go:189.16,191.3 1 0
github.com/mark3748/helpdesk-go/cmd/api/app/app.go:192.2,192.64 1 0
github.com/mark3748/helpdesk-go/cmd/api/app/app.go:207.84,208.37 1 0
github.com/mark3748/helpdesk-go/cmd/api/app/app.go:208.37,209.25 1 0
github.com/mark3748/helpdesk-go/cmd/api/app/app.go:209.26,209.27 0 0
github.com/mark3748/helpdesk-go/cmd/api/app/app.go:211.2,212.37 2 0
github.com/mark3748/helpdesk-go/cmd/api/app/app.go:212.37,214.32 2 0
github.com/mark3748/helpdesk-go/cmd/api/app/app.go:214.32,216.4 1 0
github.com/mark3748/helpdesk-go/cmd/api/app/app.go:218.2,218.40 1 0
github.com/mark3748/helpdesk-go/cmd/api/app/app.go:222.91,226.52 4 1
github.com/mark3748/helpdesk-go/cmd/api/app/app.go:226.52,229.3 2 1
github.com/mark3748/helpdesk-go/cmd/api/app/app.go:230.2,232.10 3 1
github.com/mark3748/helpdesk-go/cmd/api/app/errors.go:23.93,26.2 2 0
github.com/mark3748/helpdesk-go/cmd/api/app/errors.go:30.31,31.30 1 1
github.com/mark3748/helpdesk-go/cmd/api/app/errors.go:31.30,34.10 3 1
github.com/mark3748/helpdesk-go/cmd/api/app/errors.go:34.10,36.4 1 1
github.com/mark3748/helpdesk-go/cmd/api/app/errors.go:37.3,38.10 2 0
github.com/mark3748/helpdesk-go/cmd/api/app/errors.go:38.10,40.4 1 0
github.com/mark3748/helpdesk-go/cmd/api/app/errors.go:41.3,43.29 3 0
github.com/mark3748/helpdesk-go/cmd/api/app/errors.go:43.29,44.38 1 0
github.com/mark3748/helpdesk-go/cmd/api/app/errors.go:44.38,46.5 1 0
github.com/mark3748/helpdesk-go/cmd/api/app/errors.go:48.3,49.39 2 0
github.com/mark3748/helpdesk-go/cmd/api/app/middleware.go:14.34,15.30 1 1
github.com/mark3748/helpdesk-go/cmd/api/app/middleware.go:15.30,23.3 7 1
github.com/mark3748/helpdesk-go/cmd/api/app/middleware.go:27.49,28.30 1 1
github.com/mark3748/helpdesk-go/cmd/api/app/middleware.go:28.30,29.17 1 1
github.com/mark3748/helpdesk-go/cmd/api/app/middleware.go:29.17,32.4 2 1
github.com/mark3748/helpdesk-go/cmd/api/app/middleware.go:33.3,33.11 1 1
github.com/mark3748/helpdesk-go/cmd/api/app/middleware.go:38.31,39.30 1 1
github.com/mark3748/helpdesk-go/cmd/api/app/middleware.go:39.30,49.3 5 1
github.com/mark3748/helpdesk-go/cmd/api/attachments/attachments.go:23.39,24.30 1 1
github.com/mark3748/helpdesk-go/cmd/api/attachments/attachments.go:24.30,25.18 1 1
github.com/mark3748/helpdesk-go/cmd/api/attachments/attachments.go:25.18,28.4 2 1
github.com/mark3748/helpdesk-go/cmd/api/attachments/attachments.go:29.3,31.17 3 0
github.com/mark3748/helpdesk-go/cmd/api/attachments/attachments.go:31.17,34.4 2 0
github.com/mark3748/helpdesk-go/cmd/api/attachments/attachments.go:35.3,42.19 4 0
github.com/mark3748/helpdesk-go/cmd/api/attachments/attachments.go:42.19,44.69 2 0
github.com/mark3748/helpdesk-go/cmd/api/attachments/attachments.go:44.69,47.5 2 0
github.com/mark3748/helpdesk-go/cmd/api/attachments/attachments.go:48.4,48.25 1 0
github.com/mark3748/helpdesk-go/cmd/api/attachments/attachments.go:50.3,50.29 1 0
github.com/mark3748/helpdesk-go/cmd/api/attachments/attachments.go:54.41,55.30 1 1
github.com/mark3748/helpdesk-go/cmd/api/attachments/attachments.go:55.30,57.32 2 1
github.com/mark3748/helpdesk-go/cmd/api/attachments/attachments.go:57.32,60.4 2 1
github.com/mark3748/helpdesk-go/cmd/api/attachments/attachments.go:61.3,62.17 2 0
github.com/mark3748/helpdesk-go/cmd/api/attachments/attachments.go:62.17,65.4 2 0
github.com/mark3748/helpdesk-go/cmd/api/attachments/attachments.go:66.3,68.21 3 0
github.com/mark3748/helpdesk-go/cmd/api/attachments/attachments.go:68.21,70.4 1 0
github.com/mark3748/helpdesk-go/cmd/api/attachments/attachments.go:71.3,74.15 4 0
github.com/mark3748/helpdesk-go/cmd/api/attachments/attachments.go:74.15,76.4 1 0
github.com/mark3748/helpdesk-go/cmd/api/attachments/attachments.go:77.3,79.120 3 0
github.com/mark3748/helpdesk-go/cmd/api/attachments/attachments.go:79.120,82.4 2 0
github.com/mark3748/helpdesk-go/cmd/api/attachments/attachments.go:83.3,87.33 4 0
github.com/mark3748/helpdesk-go/cmd/api/attachments/attachments.go:87.33,88.41 1 0
github.com/mark3748/helpdesk-go/cmd/api/attachments/attachments.go:88.41,90.5 1 0
github.com/mark3748/helpdesk-go/cmd/api/attachments/attachments.go:92.3,92.21 1 0
github.com/mark3748/helpdesk-go/cmd/api/attachments/attachments.go:92.21,95.4 2 0
github.com/mark3748/helpdesk-go/cmd/api/attachments/attachments.go:96.3,96.130 1 0
github.com/mark3748/helpdesk-go/cmd/api/attachments/attachments.go:96.130,99.4 2 0
github.com/mark3748/helpdesk-go/cmd/api/attachments/attachments.go:100.3,101.46 2 0
github.com/mark3748/helpdesk-go/cmd/api/attachments/attachments.go:105.38,106.30 1 1
github.com/mark3748/helpdesk-go/cmd/api/attachments/attachments.go:106.30,107.18 1 1
github.com/mark3748/helpdesk-go/cmd/api/attachments/attachments.go:107.18,110.4 2 1
github.com/mark3748/helpdesk-go/cmd/api/attachments/attachments.go:111.3,113.117 3 0
github.com/mark3748/helpdesk-go/cmd/api/attachments/attachments.go:113.117,116.4 2 0
github.com/mark3748/helpdesk-go/cmd/api/attachments/attachments.go:118.3,118.40 1 0
github.com/mark3748/helpdesk-go/cmd/api/attachments/attachments.go:118.40,122.18 3 0
github.com/mark3748/helpdesk-go/cmd/api/attachments/attachments.go:122.18,125.5 2 0
github.com/mark3748/helpdesk-go/cmd/api/attachments/attachments.go:126.4,127.10 2 0
github.com/mark3748/helpdesk-go/cmd/api/attachments/attachments.go:131.3,131.45 1 0
github.com/mark3748/helpdesk-go/cmd/api/attachments/attachments.go:131.45,135.88 3 0
github.com/mark3748/helpdesk-go/cmd/api/attachments/attachments.go:135.88,138.5 2 0
github.com/mark3748/helpdesk-go/cmd/api/attachments/attachments.go:139.4,140.18 2 0
github.com/mark3748/helpdesk-go/cmd/api/attachments/attachments.go:140.18,143.5 2 0
github.com/mark3748/helpdesk-go/cmd/api/attachments/attachments.go:144.4,144.16 1 0
github.com/mark3748/helpdesk-go/cmd/api/attachments/attachments.go:144.16,146.5 1 0
github.com/mark3748/helpdesk-go/cmd/api/attachments/attachments.go:146.10,148.5 1 0
github.com/mark3748/helpdesk-go/cmd/api/attachments/attachments.go:149.4,151.10 3 0
github.com/mark3748/helpdesk-go/cmd/api/attachments/attachments.go:154.3,154.88 1 0
github.com/mark3748/helpdesk-go/cmd/api/attachments/attachments.go:158.48,159.30 1 1
github.com/mark3748/helpdesk-go/cmd/api/attachments/attachments.go:159.30,160.17 1 1
github.com/mark3748/helpdesk-go/cmd/api/attachments/attachments.go:160.17,163.4 2 1
github.com/mark3748/helpdesk-go/cmd/api/attachments/attachments.go:164.3,165.10 2 0
github.com/mark3748/helpdesk-go/cmd/api/attachments/attachments.go:165.10,168.4 2 0
github.com/mark3748/helpdesk-go/cmd/api/attachments/attachments.go:169.3,173.70 2 0
github.com/mark3748/helpdesk-go/cmd/api/attachments/attachments.go:173.70,176.4 2 0
github.com/mark3748/helpdesk-go/cmd/api/attachments/attachments.go:177.3,178.53 2 0
github.com/mark3748/helpdesk-go/cmd/api/attachments/attachments.go:178.53,180.4 1 0
github.com/mark3748/helpdesk-go/cmd/api/attachments/attachments.go:181.3,185.17 5 0
github.com/mark3748/helpdesk-go/cmd/api/attachments/attachments.go:185.17,188.4 2 0
github.com/mark3748/helpdesk-go/cmd/api/attachments/attachments.go:189.3,189.93 1 0
github.com/mark3748/helpdesk-go/cmd/api/attachments/attachments.go:193.50,194.30 1 1
github.com/mark3748/helpdesk-go/cmd/api/attachments/attachments.go:194.30,195.32 1 1
github.com/mark3748/helpdesk-go/cmd/api/attachments/attachments.go:195.32,198.4 2 1
github.com/mark3748/helpdesk-go/cmd/api/attachments/attachments.go:199.3,200.10 2 0
github.com/mark3748/helpdesk-go/cmd/api/attachments/attachments.go:200.10,203.4 2 0
github.com/mark3748/helpdesk-go/cmd/api/attachments/attachments.go:204.3,206.117 3 0
github.com/mark3748/helpdesk-go/cmd/api/attachments/attachments.go:206.117,209.4 2 0
github.com/mark3748/helpdesk-go/cmd/api/attachments/attachments.go:210.3,214.17 5 0
github.com/mark3748/helpdesk-go/cmd/api/attachments/attachments.go:214.17,217.4 2 0
github.com/mark3748/helpdesk-go/cmd/api/attachments/attachments.go:218.3,218.61 1 0
github.com/mark3748/helpdesk-go/cmd/api/attachments/attachments.go:224.43,231.25 4 0
github.com/mark3748/helpdesk-go/cmd/api/attachments/attachments.go:231.25,232.129 1 0
github.com/mark3748/helpdesk-go/cmd/api/attachments/attachments.go:232.129,234.4 1 0
github.com/mark3748/helpdesk-go/cmd/api/attachments/attachments.go:234.9,236.4 1 0
github.com/mark3748/helpdesk-go/cmd/api/attachments/attachments.go:238.2,241.12 3 0
github.com/mark3748/helpdesk-go/cmd/api/attachments/attachments.go:244.41,245.30 1 1
github.com/mark3748/helpdesk-go/cmd/api/attachments/attachments.go:245.30,246.18 1 1
github.com/mark3748/helpdesk-go/cmd/api/attachments/attachments.go:246.18,249.4 2 1
github.com/mark3748/helpdesk-go/cmd/api/attachments/attachments.go:251.3,253.30 3 0
github.com/mark3748/helpdesk-go/cmd/api/attachments/attachments.go:253.30,255.4 1 0
github.com/mark3748/helpdesk-go/cmd/api/attachments/attachments.go:256.3,257.95 2 0
github.com/mark3748/helpdesk-go/cmd/api/attachments/attachments.go:257.95,260.4 2 0
github.com/mark3748/helpdesk-go/cmd/api/attachments/attachments.go:261.3,261.43 1 0
github.com/mark3748/helpdesk-go/cmd/api/attachments/attachments.go:267.42,273.30 2 0
github.com/mark3748/helpdesk-go/cmd/api/attachments/attachments.go:273.30,274.17 1 0
github.com/mark3748/helpdesk-go/cmd/api/attachments/attachments.go:274.17,277.4 2 0
github.com/mark3748/helpdesk-go/cmd/api/attachments/attachments.go:278.3,279.47 2 0
github.com/mark3748/helpdesk-go/cmd/api/attachments/attachments.go:279.47,282.4 2 0
github.com/mark3748/helpdesk-go/cmd/api/attachments/attachments.go:283.3,284.40 2 0
github.com/mark3748/helpdesk-go/cmd/api/attachments/attachments.go:284.40,288.18 3 0
github.com/mark3748/helpdesk-go/cmd/api/attachments/attachments.go:288.18,291.5 2 0
github.com/mark3748/helpdesk-go/cmd/api/attachments/attachments.go:292.4,293.21 2 0
github.com/mark3748/helpdesk-go/cmd/api/attachments/attachments.go:293.21,295.5 1 0
github.com/mark3748/helpdesk-go/cmd/api/attachments/attachments.go:296.4,297.10 2 0
github.com/mark3748/helpdesk-go/cmd/api/attachments/attachments.go:300.3,301.20 2 0
github.com/mark3748/helpdesk-go/cmd/api/attachments/attachments.go:301.20,303.4 1 0
github.com/mark3748/helpdesk-go/cmd/api/attachments/attachments.go:304.3,304.138 1 0
github.com/mark3748/helpdesk-go/cmd/api/attachments/attachments.go:309.47,310.30 1 1
github.com/mark3748/helpdesk-go/cmd/api/attachments/attachments.go:310.30,311.17 1 1
github.com/mark3748/helpdesk-go/cmd/api/attachments/attachments.go:311.17,314.4 2 0
github.com/mark3748/helpdesk-go/cmd/api/attachments/attachments.go:316.3,316.39 1 1
github.com/mark3748/helpdesk-go/cmd/api/attachments/attachments.go:316.39,319.4 2 0
github.com/mark3748/helpdesk-go/cmd/api/attachments/attachments.go:320.3,321.50 2 1
github.com/mark3748/helpdesk-go/cmd/api/attachments/attachments.go:321.50,324.4 2 1
github.com/mark3748/helpdesk-go/cmd/api/attachments/attachments.go:325.3,326.17 2 1
github.com/mark3748/helpdesk-go/cmd/api/attachments/attachments.go:326.17,329.4 2 0
github.com/mark3748/helpdesk-go/cmd/api/attachments/attachments.go:330.3,331.15 2 1
github.com/mark3748/helpdesk-go/cmd/api/attachments/attachments.go:331.15,333.4 1 0
github.com/mark3748/helpdesk-go/cmd/api/attachments/attachments.go:334.3,336.158 3 1
github.com/mark3748/helpdesk-go/cmd/api/attachments/attachments.go:336.158,339.4 2 0
github.com/mark3748/helpdesk-go/cmd/api/attachments/attachments.go:340.3,340.26 1 1
github.com/mark3748/helpdesk-go/cmd/api/attachments/attachments.go:345.43,352.30 2 0
github.com/mark3748/helpdesk-go/cmd/api/attachments/attachments.go:352.30,354.17 2 0
github.com/mark3748/helpdesk-go/cmd/api/attachments/attachments.go:354.17,357.4 2 0
github.com/mark3748/helpdesk-go/cmd/api/attachments/attachments.go:358.3,359.10 2 0
github.com/mark3748/helpdesk-go/cmd/api/attachments/attachments.go:359.10,362.4 2 0
github.com/mark3748/helpdesk-go/cmd/api/attachments/attachments.go:363.3,366.47 4 0
github.com/mark3748/helpdesk-go/cmd/api/attachments/attachments.go:366.47,369.4 2 0
github.com/mark3748/helpdesk-go/cmd/api/attachments/attachments.go:370.3,370.75 1 0
github.com/mark3748/helpdesk-go/cmd/api/attachments/attachments.go:370.75,373.4 2 0
github.com/mark3748/helpdesk-go/cmd/api/attachments/attachments.go:374.3,375.40 2 0
github.com/mark3748/helpdesk-go/cmd/api/attachments/attachments.go:375.40,379.18 4 0
github.com/mark3748/helpdesk-go/cmd/api/attachments/attachments.go:379.18,382.5 2 0
github.com/mark3748/helpdesk-go/cmd/api/attachments/attachments.go:383.4,383.20 1 0
github.com/mark3748/helpdesk-go/cmd/api/attachments/attachments.go:384.9,384.52 1 0
github.com/mark3748/helpdesk-go/cmd/api/attachments/attachments.go:384.52,387.85 3 0
github.com/mark3748/helpdesk-go/cmd/api/attachments/attachments.go:387.85,390.5 2 0
github.com/mark3748/helpdesk-go/cmd/api/attachments/attachments.go:391.4,392.18 2 0
github.com/mark3748/helpdesk-go/cmd/api/attachments/attachments.go:392.18,395.5 2 0
github.com/mark3748/helpdesk-go/cmd/api/attachments/attachments.go:396.4,396.20 1 0
github.com/mark3748/helpdesk-go/cmd/api/attachments/attachments.go:397.9,400.4 2 0
github.com/mark3748/helpdesk-go/cmd/api/attachments/attachments.go:401.3,401.23 1 0
github.com/mark3748/helpdesk-go/cmd/api/attachments/attachments.go:401.23,404.4 2 0
github.com/mark3748/helpdesk-go/cmd/api/attachments/attachments.go:405.3,406.99 1 0
github.com/mark3748/helpdesk-go/cmd/api/attachments/attachments.go:406.99,409.4 2 0
github.com/mark3748/helpdesk-go/cmd/api/attachments/attachments.go:410.3,411.59 2 0
github.com/mark3748/helpdesk-go/cmd/api/auth/auth.go:26.39,26.57 1 0
github.com/mark3748/helpdesk-go/cmd/api/auth/auth.go:29.45,30.30 1 1
github.com/mark3748/helpdesk-go/cmd/api/auth/auth.go:30.30,31.27 1 1
github.com/mark3748/helpdesk-go/cmd/api/auth/auth.go:31.27,41.4 3 0
github.com/mark3748/helpdesk-go/cmd/api/auth/auth.go:44.3,44.49 1 1
github.com/mark3748/helpdesk-go/cmd/api/auth/auth.go:44.49,46.40 2 1
github.com/mark3748/helpdesk-go/cmd/api/auth/auth.go:46.40,50.5 3 1
github.com/mark3748/helpdesk-go/cmd/api/auth/auth.go:51.4,51.74 1 0
github.com/mark3748/helpdesk-go/cmd/api/auth/auth.go:51.74,52.56 1 0
github.com/mark3748/helpdesk-go/cmd/api/auth/auth.go:52.56,54.6 1 0
github.com/mark3748/helpdesk-go/cmd/api/auth/auth.go:55.5,55.46 1 0
github.com/mark3748/helpdesk-go/cmd/api/auth/auth.go:57.4,57.34 1 0
github.com/mark3748/helpdesk-go/cmd/api/auth/auth.go:57.34,61.5 3 0
github.com/mark3748/helpdesk-go/cmd/api/auth/auth.go:62.4,63.11 2 0
github.com/mark3748/helpdesk-go/cmd/api/auth/auth.go:63.11,67.5 3 0
github.com/mark3748/helpdesk-go/cmd/api/auth/auth.go:68.4,73.27 2 0
github.com/mark3748/helpdesk-go/cmd/api/auth/auth.go:73.27,75.5 1 0
github.com/mark3748/helpdesk-go/cmd/api/auth/auth.go:76.4,76.40 1 0
github.com/mark3748/helpdesk-go/cmd/api/auth/auth.go:76.40,77.30 1 0
github.com/mark3748/helpdesk-go/cmd/api/auth/auth.go:78.24,79.26 1 0
github.com/mark3748/helpdesk-go/cmd/api/auth/auth.go:79.26,80.34 1 0
github.com/mark3748/helpdesk-go/cmd/api/auth/auth.go:80.34,82.8 1 0
github.com/mark3748/helpdesk-go/cmd/api/auth/auth.go:84.19,85.37 1 0
github.com/mark3748/helpdesk-go/cmd/api/auth/auth.go:86.17,87.34 1 0
github.com/mark3748/helpdesk-go/cmd/api/auth/auth.go:91.4,91.19 1 0
github.com/mark3748/helpdesk-go/cmd/api/auth/auth.go:91.19,95.17 4 0
github.com/mark3748/helpdesk-go/cmd/api/auth/auth.go:95.17,97.6 1 0
github.com/mark3748/helpdesk-go/cmd/api/auth/auth.go:98.5,98.22 1 0
github.com/mark3748/helpdesk-go/cmd/api/auth/auth.go:98.22,100.6 1 0
github.com/mark3748/helpdesk-go/cmd/api/auth/auth.go:101.5,101.28 1 0
github.com/mark3748/helpdesk-go/cmd/api/auth/auth.go:101.28,103.6 1 0
github.com/mark3748/helpdesk-go/cmd/api/auth/auth.go:104.5,104.64 1 0
github.com/mark3748/helpdesk-go/cmd/api/auth/auth.go:104.64,107.18 3 0
github.com/mark3748/helpdesk-go/cmd/api/auth/auth.go:107.18,109.7 1 0
github.com/mark3748/helpdesk-go/cmd/api/auth/auth.go:110.6,110.23 1 0
github.com/mark3748/helpdesk-go/cmd/api/auth/auth.go:110.23,112.7 1 0
github.com/mark3748/helpdesk-go/cmd/api/auth/auth.go:113.6,113.29 1 0
github.com/mark3748/helpdesk-go/cmd/api/auth/auth.go:113.29,115.7 1 0
github.com/mark3748/helpdesk-go/cmd/api/auth/auth.go:120.4,120.19 1 0
github.com/mark3748/helpdesk-go/cmd/api/auth/auth.go:120.19,124.12 4 0
github.com/mark3748/helpdesk-go/cmd/api/auth/auth.go:125.21,131.30 1 0
github.com/mark3748/helpdesk-go/cmd/api/auth/auth.go:132.29,138.41 1 0
github.com/mark3748/helpdesk-go/cmd/api/auth/auth.go:139.24,145.44 1 0
github.com/mark3748/helpdesk-go/cmd/api/auth/auth.go:146.13,147.26 1 0
github.com/mark3748/helpdesk-go/cmd/api/auth/auth.go:149.5,149.34 1 0
github.com/mark3748/helpdesk-go/cmd/api/auth/auth.go:149.34,151.22 2 0
github.com/mark3748/helpdesk-go/cmd/api/auth/auth.go:151.22,153.46 2 0
github.com/mark3748/helpdesk-go/cmd/api/auth/auth.go:153.46,154.66 1 0
github.com/mark3748/helpdesk-go/cmd/api/auth/auth.go:154.66,156.9 1 0
github.com/mark3748/helpdesk-go/cmd/api/auth/auth.go:161.5,161.124 1 0
github.com/mark3748/helpdesk-go/cmd/api/auth/auth.go:161.124,162.36 1 0
github.com/mark3748/helpdesk-go/cmd/api/auth/auth.go:162.36,164.7 1 0
github.com/mark3748/helpdesk-go/cmd/api/auth/auth.go:165.6,165.36 1 0
github.com/mark3748/helpdesk-go/cmd/api/auth/auth.go:165.36,167.7 1 0
github.com/mark3748/helpdesk-go/cmd/api/auth/auth.go:170.4,172.10 3 0
github.com/mark3748/helpdesk-go/cmd/api/auth/auth.go:176.3,176.20 1 1
github.com/mark3748/helpdesk-go/cmd/api/auth/auth.go:176.20,179.4 2 0
github.com/mark3748/helpdesk-go/cmd/api/auth/auth.go:180.3,181.42 2 1
github.com/mark3748/helpdesk-go/cmd/api/auth/auth.go:181.42,185.4 3 0
github.com/mark3748/helpdesk-go/cmd/api/auth/auth.go:186.3,190.36 3 1
github.com/mark3748/helpdesk-go/cmd/api/auth/auth.go:190.36,192.4 1 0
github.com/mark3748/helpdesk-go/cmd/api/auth/auth.go:193.3,195.33 3 1
github.com/mark3748/helpdesk-go/cmd/api/auth/auth.go:195.33,199.4 3 0
github.com/mark3748/helpdesk-go/cmd/api/auth/auth.go:200.3,201.10 2 1
github.com/mark3748/helpdesk-go/cmd/api/auth/auth.go:201.10,205.4 3 0
github.com/mark3748/helpdesk-go/cmd/api/auth/auth.go:207.3,207.41 1 1
github.com/mark3748/helpdesk-go/cmd/api/auth/auth.go:207.41,208.56 1 1
github.com/mark3748/helpdesk-go/cmd/api/auth/auth.go:208.56,212.5 3 0
github.com/mark3748/helpdesk-go/cmd/api/auth/auth.go:215.3,215.43 1 1
github.com/mark3748/helpdesk-go/cmd/api/auth/auth.go:215.43,216.38 1 0
github.com/mark3748/helpdesk-go/cmd/api/auth/auth.go:216.38,220.5 3 0
github.com/mark3748/helpdesk-go/cmd/api/auth/auth.go:222.3,227.26 2 1
github.com/mark3748/helpdesk-go/cmd/api/auth/auth.go:227.26,229.4 1 0
github.com/mark3748/helpdesk-go/cmd/api/auth/auth.go:230.3,230.53 1 1
github.com/mark3748/helpdesk-go/cmd/api/auth/auth.go:230.53,231.30 1 1
github.com/mark3748/helpdesk-go/cmd/api/auth/auth.go:232.23,233.25 1 1
github.com/mark3748/helpdesk-go/cmd/api/auth/auth.go:233.25,234.33 1 1
github.com/mark3748/helpdesk-go/cmd/api/auth/auth.go:234.33,236.7 1 1
github.com/mark3748/helpdesk-go/cmd/api/auth/auth.go:238.18,239.36 1 0
github.com/mark3748/helpdesk-go/cmd/api/auth/auth.go:240.16,241.33 1 0
github.com/mark3748/helpdesk-go/cmd/api/auth/auth.go:245.3,245.18 1 1
github.com/mark3748/helpdesk-go/cmd/api/auth/auth.go:245.18,249.16 4 1
github.com/mark3748/helpdesk-go/cmd/api/auth/auth.go:249.16,251.5 1 0
github.com/mark3748/helpdesk-go/cmd/api/auth/auth.go:252.4,252.21 1 1
github.com/mark3748/helpdesk-go/cmd/api/auth/auth.go:252.21,254.5 1 0
github.com/mark3748/helpdesk-go/cmd/api/auth/auth.go:255.4,255.27 1 1
github.com/mark3748/helpdesk-go/cmd/api/auth/auth.go:255.27,257.5 1 0
github.com/mark3748/helpdesk-go/cmd/api/auth/auth.go:260.3,260.40 1 1
github.com/mark3748/helpdesk-go/cmd/api/auth/auth.go:260.40,266.18 2 1
github.com/mark3748/helpdesk-go/cmd/api/auth/auth.go:266.18,268.21 2 1
github.com/mark3748/helpdesk-go/cmd/api/auth/auth.go:268.21,270.45 2 0
github.com/mark3748/helpdesk-go/cmd/api/auth/auth.go:270.45,271.65 1 0
github.com/mark3748/helpdesk-go/cmd/api/auth/auth.go:271.65,273.8 1 0
github.com/mark3748/helpdesk-go/cmd/api/auth/auth.go:278.3,279.11 2 1
github.com/mark3748/helpdesk-go/cmd/api/auth/auth.go:283.57,284.34 1 1
github.com/mark3748/helpdesk-go/cmd/api/auth/auth.go:284.34,286.3 1 1
github.com/mark3748/helpdesk-go/cmd/api/auth/auth.go:287.2,287.11 1 0
github.com/mark3748/helpdesk-go/cmd/api/auth/auth.go:290.58,291.27 1 0
github.com/mark3748/helpdesk-go/cmd/api/auth/auth.go:291.27,292.24 1 0
github.com/mark3748/helpdesk-go/cmd/api/auth/auth.go:293.15,294.20 1 0
github.com/mark3748/helpdesk-go/cmd/api/auth/auth.go:295.22,296.24 1 0
github.com/mark3748/helpdesk-go/cmd/api/auth/auth.go:296.24,297.45 1 0
github.com/mark3748/helpdesk-go/cmd/api/auth/auth.go:297.45,299.6 1 0
github.com/mark3748/helpdesk-go/cmd/api/auth/auth.go:301.17,302.24 1 0
github.com/mark3748/helpdesk-go/cmd/api/auth/auth.go:302.24,303.18 1 0
github.com/mark3748/helpdesk-go/cmd/api/auth/auth.go:303.18,305.6 1 0
github.com/mark3748/helpdesk-go/cmd/api/auth/auth.go:309.2,309.14 1 0
github.com/mark3748/helpdesk-go/cmd/api/auth/auth.go:313.25,315.9 2 1
github.com/mark3748/helpdesk-go/cmd/api/auth/auth.go:315.9,319.3 3 0
github.com/mark3748/helpdesk-go/cmd/api/auth/auth.go:320.2,320.26 1 1
github.com/mark3748/helpdesk-go/cmd/api/auth/auth.go:324.51,325.30 1 0
github.com/mark3748/helpdesk-go/cmd/api/auth/auth.go:325.30,327.10 2 0
github.com/mark3748/helpdesk-go/cmd/api/auth/auth.go:327.10,331.4 3 0
github.com/mark3748/helpdesk-go/cmd/api/auth/auth.go:332.3,333.10 2 0
github.com/mark3748/helpdesk-go/cmd/api/auth/auth.go:333.10,337.4 3 0
github.com/mark3748/helpdesk-go/cmd/api/auth/auth.go:338.3,338.32 1 0
github.com/mark3748/helpdesk-go/cmd/api/auth/auth.go:338.32,339.20 1 0
github.com/mark3748/helpdesk-go/cmd/api/auth/auth.go:339.20,342.5 2 0
github.com/mark3748/helpdesk-go/cmd/api/auth/auth.go:344.3,344.32 1 0
github.com/mark3748/helpdesk-go/cmd/api/auth/auth.go:344.32,345.31 1 0
github.com/mark3748/helpdesk-go/cmd/api/auth/auth.go:345.31,346.18 1 0
github.com/mark3748/helpdesk-go/cmd/api/auth/auth.go:346.18,349.6 2 0
github.com/mark3748/helpdesk-go/cmd/api/auth/auth.go:352.3,352.73 1 0
github.com/mark3748/helpdesk-go/cmd/api/auth/auth.go:357.40,359.30 2 0
github.com/mark3748/helpdesk-go/cmd/api/auth/auth.go:359.30,360.49 1 0
github.com/mark3748/helpdesk-go/cmd/api/auth/auth.go:360.49,363.4 2 0
github.com/mark3748/helpdesk-go/cmd/api/auth/auth.go:364.3,364.34 1 0
github.com/mark3748/helpdesk-go/cmd/api/auth/auth.go:364.34,367.4 2 0
github.com/mark3748/helpdesk-go/cmd/api/auth/auth.go:368.3,369.47 2 0
github.com/mark3748/helpdesk-go/cmd/api/auth/auth.go:369.47,372.4 2 0
github.com/mark3748/helpdesk-go/cmd/api/auth/auth.go:374.3,375.18 2 0
github.com/mark3748/helpdesk-go/cmd/api/auth/auth.go:375.18,379.4 2 0
github.com/mark3748/helpdesk-go/cmd/api/auth/auth.go:380.3,380.16 1 0
github.com/mark3748/helpdesk-go/cmd/api/auth/auth.go:380.16,382.68 1 0
github.com/mark3748/helpdesk-go/cmd/api/auth/auth.go:382.68,386.5 3 0
github.com/mark3748/helpdesk-go/cmd/api/auth/auth.go:388.4,393.19 2 0
github.com/mark3748/helpdesk-go/cmd/api/auth/auth.go:393.19,396.108 2 0
github.com/mark3748/helpdesk-go/cmd/api/auth/auth.go:396.108,398.6 1 0
github.com/mark3748/helpdesk-go/cmd/api/auth/auth.go:400.5,405.66 6 0
github.com/mark3748/helpdesk-go/cmd/api/auth/auth.go:407.4,409.26 3 0
github.com/mark3748/helpdesk-go/cmd/api/auth/auth.go:410.9,412.93 1 0
github.com/mark3748/helpdesk-go/cmd/api/auth/auth.go:412.93,416.5 3 0
github.com/mark3748/helpdesk-go/cmd/api/auth/auth.go:417.4,417.24 1 0
github.com/mark3748/helpdesk-go/cmd/api/auth/auth.go:417.24,419.5 1 0
github.com/mark3748/helpdesk-go/cmd/api/auth/auth.go:421.3,430.17 4 0
github.com/mark3748/helpdesk-go/cmd/api/auth/auth.go:430.17,433.4 2 0
github.com/mark3748/helpdesk-go/cmd/api/auth/auth.go:435.3,445.43 3 0
github.com/mark3748/helpdesk-go/cmd/api/auth/auth.go:449.31,450.30 1 0
github.com/mark3748/helpdesk-go/cmd/api/auth/auth.go:450.30,461.3 2 0
github.com/mark3748/helpdesk-go/cmd/api/auth/auth.go:468.48,469.30 1 0
github.com/mark3748/helpdesk-go/cmd/api/auth/auth.go:469.30,471.15 2 0
github.com/mark3748/helpdesk-go/cmd/api/auth/auth.go:471.15,474.4 2 0
github.com/mark3748/helpdesk-go/cmd/api/auth/auth.go:476.3,484.17 3 0
github.com/mark3748/helpdesk-go/cmd/api/auth/auth.go:484.17,487.4 2 0
github.com/mark3748/helpdesk-go/cmd/api/auth/auth.go:488.3,490.19 3 0
github.com/mark3748/helpdesk-go/cmd/api/auth/auth.go:490.19,492.43 2 0
github.com/mark3748/helpdesk-go/cmd/api/auth/auth.go:492.43,495.5 2 0
github.com/mark3748/helpdesk-go/cmd/api/auth/auth.go:496.4,496.34 1 0
github.com/mark3748/helpdesk-go/cmd/api/auth/auth.go:496.34,498.5 1 0
github.com/mark3748/helpdesk-go/cmd/api/auth/auth.go:501.3,501.31 1 0
github.com/mark3748/helpdesk-go/cmd/api/auth/auth.go:507.46,511.30 2 0
github.com/mark3748/helpdesk-go/cmd/api/auth/auth.go:511.30,514.62 3 0
github.com/mark3748/helpdesk-go/cmd/api/auth/auth.go:514.62,517.4 2 0
github.com/mark3748/helpdesk-go/cmd/api/auth/auth.go:518.3,520.85 3 0
github.com/mark3748/helpdesk-go/cmd/api/auth/auth.go:520.85,523.4 2 0
github.com/mark3748/helpdesk-go/cmd/api/auth/auth.go:525.3,527.185 2 0
github.com/mark3748/helpdesk-go/cmd/api/auth/auth.go:527.185,530.4 2 0
github.com/mark3748/helpdesk-go/cmd/api/auth/auth.go:531.3,531.48 1 0
github.com/mark3748/helpdesk-go/cmd/api/auth/auth.go:536.49,537.30 1 0
github.com/mark3748/helpdesk-go/cmd/api/auth/auth.go:537.30,542.85 5 0
github.com/mark3748/helpdesk-go/cmd/api/auth/auth.go:542.85,545.4 2 0
github.com/mark3748/helpdesk-go/cmd/api/auth/auth.go:546.3,546.180 1 0
github.com/mark3748/helpdesk-go/cmd/api/auth/auth.go:546.180,549.4 2 0
github.com/mark3748/helpdesk-go/cmd/api/auth/auth.go:550.3,550.43 1 0
github.com/mark3748/helpdesk-go/cmd/api/auth/auth.go:554.44,555.25 1 0
github.com/mark3748/helpdesk-go/cmd/api/auth/auth.go:555.25,556.13 1 0
github.com/mark3748/helpdesk-go/cmd/api/auth/auth.go:556.13,558.4 1 0
github.com/mark3748/helpdesk-go/cmd/api/auth/auth.go:560.2,560.14 1 0
github.com/mark3748/helpdesk-go/cmd/api/main.go:136.53,137.25 1 1
github.com/mark3748/helpdesk-go/cmd/api/main.go:137.25,138.13 1 1
github.com/mark3748/helpdesk-go/cmd/api/main.go:138.13,140.4 1 1
github.com/mark3748/helpdesk-go/cmd/api/main.go:142.2,142.14 1 1
github.com/mark3748/helpdesk-go/cmd/api/main.go:180.25,195.35 2 1
github.com/mark3748/helpdesk-go/cmd/api/main.go:195.35,197.15 2 1
github.com/mark3748/helpdesk-go/cmd/api/main.go:197.15,199.5 1 1
github.com/mark3748/helpdesk-go/cmd/api/main.go:200.4,202.28 3 0
github.com/mark3748/helpdesk-go/cmd/api/main.go:202.28,203.43 1 0
github.com/mark3748/helpdesk-go/cmd/api/main.go:203.43,205.6 1 0
github.com/mark3748/helpdesk-go/cmd/api/main.go:207.4,207.14 1 0
github.com/mark3748/helpdesk-go/cmd/api/main.go:224.2,224.12 1 1
github.com/mark3748/helpdesk-go/cmd/api/main.go:227.37,228.34 1 1
github.com/mark3748/helpdesk-go/cmd/api/main.go:228.34,230.3 1 1
github.com/mark3748/helpdesk-go/cmd/api/main.go:231.2,231.12 1 1
github.com/mark3748/helpdesk-go/cmd/api/main.go:234.41,235.34 1 1
github.com/mark3748/helpdesk-go/cmd/api/main.go:235.34,236.44 1 1
github.com/mark3748/helpdesk-go/cmd/api/main.go:236.44,238.4 1 1
github.com/mark3748/helpdesk-go/cmd/api/main.go:240.2,240.12 1 1
github.com/mark3748/helpdesk-go/cmd/api/main.go:243.78,244.49 1 0
github.com/mark3748/helpdesk-go/cmd/api/main.go:244.49,245.19 1 0
github.com/mark3748/helpdesk-go/cmd/api/main.go:245.19,246.57 1 0
github.com/mark3748/helpdesk-go/cmd/api/main.go:246.57,249.5 2 0
github.com/mark3748/helpdesk-go/cmd/api/main.go:251.3,251.55 1 0
github.com/mark3748/helpdesk-go/cmd/api/main.go:253.2,253.13 1 0
github.com/mark3748/helpdesk-go/cmd/api/main.go:293.35,318.2 2 1
github.com/mark3748/helpdesk-go/cmd/api/main.go:323.75,325.28 2 0
github.com/mark3748/helpdesk-go/cmd/api/main.go:325.28,326.23 1 0
github.com/mark3748/helpdesk-go/cmd/api/main.go:326.24,326.25 0 0
github.com/mark3748/helpdesk-go/cmd/api/main.go:328.2,329.35 2 0
github.com/mark3748/helpdesk-go/cmd/api/main.go:329.35,331.37 2 0
github.com/mark3748/helpdesk-go/cmd/api/main.go:331.37,333.4 1 0
github.com/mark3748/helpdesk-go/cmd/api/main.go:335.2,335.43 1 0
github.com/mark3748/helpdesk-go/cmd/api/main.go:339.86,340.31 1 1
github.com/mark3748/helpdesk-go/cmd/api/main.go:340.31,341.25 1 1
github.com/mark3748/helpdesk-go/cmd/api/main.go:341.26,341.27 0 1
github.com/mark3748/helpdesk-go/cmd/api/main.go:343.2,344.37 2 1
github.com/mark3748/helpdesk-go/cmd/api/main.go:344.37,346.32 2 1
github.com/mark3748/helpdesk-go/cmd/api/main.go:346.32,348.4 1 0
github.com/mark3748/helpdesk-go/cmd/api/main.go:350.2,350.40 1 1
github.com/mark3748/helpdesk-go/cmd/api/main.go:354.84,355.37 1 0
github.com/mark3748/helpdesk-go/cmd/api/main.go:355.37,356.25 1 0
github.com/mark3748/helpdesk-go/cmd/api/main.go:356.26,356.27 0 0
github.com/mark3748/helpdesk-go/cmd/api/main.go:358.2,359.37 2 0
github.com/mark3748/helpdesk-go/cmd/api/main.go:359.37,361.32 2 0
github.com/mark3748/helpdesk-go/cmd/api/main.go:361.32,363.4 1 0
github.com/mark3748/helpdesk-go/cmd/api/main.go:365.2,365.40 1 0
github.com/mark3748/helpdesk-go/cmd/api/main.go:373.43,373.67 1 0
github.com/mark3748/helpdesk-go/cmd/api/main.go:375.84,376.17 1 0
github.com/mark3748/helpdesk-go/cmd/api/main.go:376.17,378.3 1 0
github.com/mark3748/helpdesk-go/cmd/api/main.go:379.2,379.41 1 0
github.com/mark3748/helpdesk-go/cmd/api/main.go:381.99,382.17 1 0
github.com/mark3748/helpdesk-go/cmd/api/main.go:382.17,384.3 1 0
github.com/mark3748/helpdesk-go/cmd/api/main.go:385.2,385.37 1 0
github.com/mark3748/helpdesk-go/cmd/api/main.go:389.104,390.38 1 1
github.com/mark3748/helpdesk-go/cmd/api/main.go:390.38,392.3 1 1
github.com/mark3748/helpdesk-go/cmd/api/main.go:393.2,394.14 2 1
github.com/mark3748/helpdesk-go/cmd/api/main.go:394.14,395.49 1 1
github.com/mark3748/helpdesk-go/cmd/api/main.go:395.49,395.77 1 0
github.com/mark3748/helpdesk-go/cmd/api/main.go:396.3,396.29 1 1
github.com/mark3748/helpdesk-go/cmd/api/main.go:396.29,398.4 1 0
github.com/mark3748/helpdesk-go/cmd/api/main.go:399.3,399.30 1 1
github.com/mark3748/helpdesk-go/cmd/api/main.go:399.30,401.4 1 0
github.com/mark3748/helpdesk-go/cmd/api/main.go:402.3,402.34 1 1
github.com/mark3748/helpdesk-go/cmd/api/main.go:402.34,404.4 1 0
github.com/mark3748/helpdesk-go/cmd/api/main.go:406.2,406.36 1 1
github.com/mark3748/helpdesk-go/cmd/api/main.go:406.36,408.3 1 0
github.com/mark3748/helpdesk-go/cmd/api/main.go:409.2,414.31 5 1
github.com/mark3748/helpdesk-go/cmd/api/main.go:414.31,419.50 5 1
github.com/mark3748/helpdesk-go/cmd/api/main.go:419.50,421.42 2 1
github.com/mark3748/helpdesk-go/cmd/api/main.go:421.42,422.21 1 1
github.com/mark3748/helpdesk-go/cmd/api/main.go:422.21,424.11 2 1
github.com/mark3748/helpdesk-go/cmd/api/main.go:427.4,427.16 1 1
github.com/mark3748/helpdesk-go/cmd/api/main.go:427.16,430.5 2 1
github.com/mark3748/helpdesk-go/cmd/api/main.go:432.4,437.46 5 1
github.com/mark3748/helpdesk-go/cmd/api/main.go:437.46,441.5 3 1
github.com/mark3748/helpdesk-go/cmd/api/main.go:443.3,443.11 1 1
github.com/mark3748/helpdesk-go/cmd/api/main.go:445.2,446.10 2 1
github.com/mark3748/helpdesk-go/cmd/api/main.go:455.89,456.20 1 1
github.com/mark3748/helpdesk-go/cmd/api/main.go:456.20,457.22 1 0
github.com/mark3748/helpdesk-go/cmd/api/main.go:457.23,457.24 0 0
github.com/mark3748/helpdesk-go/cmd/api/main.go:459.2,459.34 1 1
github.com/mark3748/helpdesk-go/cmd/api/main.go:459.34,461.39 2 1
github.com/mark3748/helpdesk-go/cmd/api/main.go:461.39,463.4 1 1
github.com/mark3748/helpdesk-go/cmd/api/main.go:465.2,465.44 1 0
github.com/mark3748/helpdesk-go/cmd/api/main.go:468.103,472.2 3 0
github.com/mark3748/helpdesk-go/cmd/api/main.go:474.96,477.2 2 1
github.com/mark3748/helpdesk-go/cmd/api/main.go:479.111,483.2 3 0
github.com/mark3748/helpdesk-go/cmd/api/main.go:485.68,489.2 3 0
github.com/mark3748/helpdesk-go/cmd/api/main.go:492.112,493.14 1 1
github.com/mark3748/helpdesk-go/cmd/api/main.go:493.14,494.31 1 0
github.com/mark3748/helpdesk-go/cmd/api/main.go:494.31,494.43 1 0
github.com/mark3748/helpdesk-go/cmd/api/main.go:496.2,496.30 1 1
github.com/mark3748/helpdesk-go/cmd/api/main.go:496.30,499.24 3 1
github.com/mark3748/helpdesk-go/cmd/api/main.go:499.24,503.4 3 1
github.com/mark3748/helpdesk-go/cmd/api/main.go:504.3,504.11 1 1
github.com/mark3748/helpdesk-go/cmd/api/main.go:508.13,512.22 4 0
github.com/mark3748/helpdesk-go/cmd/api/main.go:512.22,515.3 2 0
github.com/mark3748/helpdesk-go/cmd/api/main.go:515.8,517.3 1 0
github.com/mark3748/helpdesk-go/cmd/api/main.go:518.2,518.56 1 0
github.com/mark3748/helpdesk-go/cmd/api/main.go:518.56,520.3 1 0
github.com/mark3748/helpdesk-go/cmd/api/main.go:520.8,523.17 3 0
github.com/mark3748/helpdesk-go/cmd/api/main.go:523.17,525.4 1 0
github.com/mark3748/helpdesk-go/cmd/api/main.go:525.9,526.24 1 0
github.com/mark3748/helpdesk-go/cmd/api/main.go:526.24,528.5 1 0
github.com/mark3748/helpdesk-go/cmd/api/main.go:528.10,530.5 1 0
github.com/mark3748/helpdesk-go/cmd/api/main.go:531.4,531.19 1 0
github.com/mark3748/helpdesk-go/cmd/api/main.go:534.2,539.16 4 0
github.com/mark3748/helpdesk-go/cmd/api/main.go:539.16,541.3 1 0
github.com/mark3748/helpdesk-go/cmd/api/main.go:542.2,546.53 3 0
github.com/mark3748/helpdesk-go/cmd/api/main.go:546.53,548.3 1 0
github.com/mark3748/helpdesk-go/cmd/api/main.go:549.2,550.16 2 0
github.com/mark3748/helpdesk-go/cmd/api/main.go:550.16,552.3 1 0
github.com/mark3748/helpdesk-go/cmd/api/main.go:553.2,554.66 2 0
github.com/mark3748/helpdesk-go/cmd/api/main.go:554.66,556.3 1 0
github.com/mark3748/helpdesk-go/cmd/api/main.go:559.2,560.23 2 0
github.com/mark3748/helpdesk-go/cmd/api/main.go:560.23,561.33 1 0
github.com/mark3748/helpdesk-go/cmd/api/main.go:561.33,564.4 2 0
github.com/mark3748/helpdesk-go/cmd/api/main.go:565.3,567.17 3 0
github.com/mark3748/helpdesk-go/cmd/api/main.go:567.17,569.4 1 0
github.com/mark3748/helpdesk-go/cmd/api/main.go:570.3,573.19 3 0
github.com/mark3748/helpdesk-go/cmd/api/main.go:573.19,573.34 1 0
github.com/mark3748/helpdesk-go/cmd/api/main.go:575.3,575.13 1 0
github.com/mark3748/helpdesk-go/cmd/api/main.go:575.13,579.8 4 0
github.com/mark3748/helpdesk-go/cmd/api/main.go:579.8,584.132 4 0
github.com/mark3748/helpdesk-go/cmd/api/main.go:584.132,587.6 2 0
github.com/mark3748/helpdesk-go/cmd/api/main.go:587.11,591.21 3 0
github.com/mark3748/helpdesk-go/cmd/api/main.go:591.21,593.7 1 0
github.com/mark3748/helpdesk-go/cmd/api/main.go:597.3,598.50 2 0
github.com/mark3748/helpdesk-go/cmd/api/main.go:598.50,600.36 1 0
github.com/mark3748/helpdesk-go/cmd/api/main.go:600.36,602.5 1 0
github.com/mark3748/helpdesk-go/cmd/api/main.go:603.4,604.17 2 0
github.com/mark3748/helpdesk-go/cmd/api/main.go:604.17,605.50 1 0
github.com/mark3748/helpdesk-go/cmd/api/main.go:605.50,607.42 2 0
github.com/mark3748/helpdesk-go/cmd/api/main.go:607.42,609.7 1 0
github.com/mark3748/helpdesk-go/cmd/api/main.go:610.6,610.21 1 0
github.com/mark3748/helpdesk-go/cmd/api/main.go:612.5,612.54 1 0
github.com/mark3748/helpdesk-go/cmd/api/main.go:615.4,616.37 2 0
github.com/mark3748/helpdesk-go/cmd/api/main.go:616.37,618.44 2 0
github.com/mark3748/helpdesk-go/cmd/api/main.go:618.44,620.42 2 0
github.com/mark3748/helpdesk-go/cmd/api/main.go:620.42,622.7 1 0
github.com/mark3748/helpdesk-go/cmd/api/main.go:623.6,623.21 1 0
github.com/mark3748/helpdesk-go/cmd/api/main.go:626.4,626.46 1 0
github.com/mark3748/helpdesk-go/cmd/api/main.go:630.2,631.29 2 0
github.com/mark3748/helpdesk-go/cmd/api/main.go:631.29,636.17 2 0
github.com/mark3748/helpdesk-go/cmd/api/main.go:636.17,638.4 1 0
github.com/mark3748/helpdesk-go/cmd/api/main.go:642.2,643.25 2 0
github.com/mark3748/helpdesk-go/cmd/api/main.go:643.25,650.45 2 0
github.com/mark3748/helpdesk-go/cmd/api/main.go:650.45,652.4 1 0
github.com/mark3748/helpdesk-go/cmd/api/main.go:653.3,653.20 1 0
github.com/mark3748/helpdesk-go/cmd/api/main.go:656.2,660.15 4 0
github.com/mark3748/helpdesk-go/cmd/api/main.go:660.15,662.3 1 0
github.com/mark3748/helpdesk-go/cmd/api/main.go:662.8,662.36 1 0
github.com/mark3748/helpdesk-go/cmd/api/main.go:662.36,670.28 2 0
github.com/mark3748/helpdesk-go/cmd/api/main.go:670.28,680.4 3 0
github.com/mark3748/helpdesk-go/cmd/api/main.go:681.3,682.45 2 0
github.com/mark3748/helpdesk-go/cmd/api/main.go:687.2,687.88 1 0
github.com/mark3748/helpdesk-go/cmd/api/main.go:687.88,688.68 1 0
github.com/mark3748/helpdesk-go/cmd/api/main.go:688.68,690.4 1 0
github.com/mark3748/helpdesk-go/cmd/api/main.go:693.2,695.23 2 0
github.com/mark3748/helpdesk-go/cmd/api/main.go:695.23,698.26 2 0
github.com/mark3748/helpdesk-go/cmd/api/main.go:698.26,698.48 1 0
github.com/mark3748/helpdesk-go/cmd/api/main.go:701.2,709.76 3 0
github.com/mark3748/helpdesk-go/cmd/api/main.go:709.76,711.3 1 0
github.com/mark3748/helpdesk-go/cmd/api/main.go:714.24,718.25 1 1
github.com/mark3748/helpdesk-go/cmd/api/main.go:718.25,721.42 2 0
github.com/mark3748/helpdesk-go/cmd/api/main.go:721.42,721.76 1 0
github.com/mark3748/helpdesk-go/cmd/api/main.go:722.3,723.44 2 0
github.com/mark3748/helpdesk-go/cmd/api/main.go:723.44,723.78 1 0
github.com/mark3748/helpdesk-go/cmd/api/main.go:724.8,727.3 2 1
github.com/mark3748/helpdesk-go/cmd/api/main.go:730.45,731.40 1 1
github.com/mark3748/helpdesk-go/cmd/api/main.go:731.40,731.74 1 1
github.com/mark3748/helpdesk-go/cmd/api/main.go:732.2,733.42 2 1
github.com/mark3748/helpdesk-go/cmd/api/main.go:733.42,733.76 1 1
github.com/mark3748/helpdesk-go/cmd/api/main.go:734.2,743.31 7 1
github.com/mark3748/helpdesk-go/cmd/api/main.go:743.31,744.23 1 0
github.com/mark3748/helpdesk-go/cmd/api/main.go:744.23,745.76 1 0
github.com/mark3748/helpdesk-go/cmd/api/main.go:745.76,745.99 1 0
github.com/mark3748/helpdesk-go/cmd/api/main.go:746.4,746.77 1 0
github.com/mark3748/helpdesk-go/cmd/api/main.go:746.77,746.100 1 0
github.com/mark3748/helpdesk-go/cmd/api/main.go:747.9,750.4 2 0
github.com/mark3748/helpdesk-go/cmd/api/main.go:753.2,797.23 34 1
github.com/mark3748/helpdesk-go/cmd/api/main.go:797.23,798.80 1 0
github.com/mark3748/helpdesk-go/cmd/api/main.go:798.80,801.4 2 0
github.com/mark3748/helpdesk-go/cmd/api/main.go:802.8,804.3 1 1
github.com/mark3748/helpdesk-go/cmd/api/main.go:805.2,810.20 6 1
github.com/mark3748/helpdesk-go/cmd/api/main.go:810.20,811.101 1 0
github.com/mark3748/helpdesk-go/cmd/api/main.go:811.101,814.4 2 0
github.com/mark3748/helpdesk-go/cmd/api/main.go:815.3,815.93 1 0
github.com/mark3748/helpdesk-go/cmd/api/main.go:815.93,818.4 2 0
github.com/mark3748/helpdesk-go/cmd/api/main.go:819.3,819.99 1 0
github.com/mark3748/helpdesk-go/cmd/api/main.go:819.99,822.4 2 0
github.com/mark3748/helpdesk-go/cmd/api/main.go:823.8,827.3 3 1
github.com/mark3748/helpdesk-go/cmd/api/main.go:829.2,923.60 68 1
github.com/mark3748/helpdesk-go/cmd/api/main.go:926.38,928.2 1 0
github.com/mark3748/helpdesk-go/cmd/api/main.go:930.43,932.33 2 0
github.com/mark3748/helpdesk-go/cmd/api/main.go:932.33,934.3 1 0
github.com/mark3748/helpdesk-go/cmd/api/main.go:936.2,937.31 2 0
github.com/mark3748/helpdesk-go/cmd/api/main.go:937.31,939.17 2 0
github.com/mark3748/helpdesk-go/cmd/api/main.go:939.17,942.4 2 0
github.com/mark3748/helpdesk-go/cmd/api/main.go:944.2,944.55 1 0
github.com/mark3748/helpdesk-go/cmd/api/main.go:947.38,951.17 3 1
github.com/mark3748/helpdesk-go/cmd/api/main.go:951.17,957.43 3 1
github.com/mark3748/helpdesk-go/cmd/api/main.go:957.44,957.45 0 1
github.com/mark3748/helpdesk-go/cmd/api/main.go:958.3,958.28 1 1
github.com/mark3748/helpdesk-go/cmd/api/main.go:958.28,960.36 2 1
github.com/mark3748/helpdesk-go/cmd/api/main.go:960.36,962.33 2 1
github.com/mark3748/helpdesk-go/cmd/api/main.go:962.33,964.6 1 0
github.com/mark3748/helpdesk-go/cmd/api/main.go:964.11,966.6 1 1
github.com/mark3748/helpdesk-go/cmd/api/main.go:967.10,969.5 1 0
github.com/mark3748/helpdesk-go/cmd/api/main.go:971.3,972.66 2 1
github.com/mark3748/helpdesk-go/cmd/api/main.go:972.66,976.4 3 1
github.com/mark3748/helpdesk-go/cmd/api/main.go:979.2,979.24 1 1
github.com/mark3748/helpdesk-go/cmd/api/main.go:979.24,982.41 3 1
github.com/mark3748/helpdesk-go/cmd/api/main.go:982.41,986.4 3 1
github.com/mark3748/helpdesk-go/cmd/api/main.go:989.2,989.16 1 1
github.com/mark3748/helpdesk-go/cmd/api/main.go:989.16,990.26 1 1
github.com/mark3748/helpdesk-go/cmd/api/main.go:991.22,995.25 4 0
github.com/mark3748/helpdesk-go/cmd/api/main.go:995.25,999.5 3 0
github.com/mark3748/helpdesk-go/cmd/api/main.go:1000.11,1003.67 2 1
github.com/mark3748/helpdesk-go/cmd/api/main.go:1003.67,1005.5 1 1
github.com/mark3748/helpdesk-go/cmd/api/main.go:1006.4,1006.31 1 1
github.com/mark3748/helpdesk-go/cmd/api/main.go:1006.31,1008.5 1 1
github.com/mark3748/helpdesk-go/cmd/api/main.go:1009.4,1009.50 1 1
github.com/mark3748/helpdesk-go/cmd/api/main.go:1009.50,1013.5 3 1
github.com/mark3748/helpdesk-go/cmd/api/main.go:1014.4,1015.70 2 1
github.com/mark3748/helpdesk-go/cmd/api/main.go:1015.70,1019.5 3 0
github.com/mark3748/helpdesk-go/cmd/api/main.go:1020.4,1020.27 1 1
github.com/mark3748/helpdesk-go/cmd/api/main.go:1024.2,1024.46 1 1
github.com/mark3748/helpdesk-go/cmd/api/main.go:1024.46,1027.31 3 1
github.com/mark3748/helpdesk-go/cmd/api/main.go:1027.31,1030.4 2 1
github.com/mark3748/helpdesk-go/cmd/api/main.go:1031.3,1031.31 1 1
github.com/mark3748/helpdesk-go/cmd/api/main.go:1031.31,1033.27 1 1
github.com/mark3748/helpdesk-go/cmd/api/main.go:1033.27,1036.5 2 1
github.com/mark3748/helpdesk-go/cmd/api/main.go:1038.4,1039.18 2 0
github.com/mark3748/helpdesk-go/cmd/api/main.go:1039.18,1043.5 3 0
github.com/mark3748/helpdesk-go/cmd/api/main.go:1044.4,1044.16 1 0
github.com/mark3748/helpdesk-go/cmd/api/main.go:1048.2,1048.32 1 1
github.com/mark3748/helpdesk-go/cmd/api/main.go:1059.39,1059.57 1 0
github.com/mark3748/helpdesk-go/cmd/api/main.go:1061.48,1062.30 1 0
github.com/mark3748/helpdesk-go/cmd/api/main.go:1062.30,1064.27 1 0
github.com/mark3748/helpdesk-go/cmd/api/main.go:1064.27,1074.4 3 0
github.com/mark3748/helpdesk-go/cmd/api/main.go:1076.3,1076.32 1 0
github.com/mark3748/helpdesk-go/cmd/api/main.go:1076.32,1078.36 2 0
github.com/mark3748/helpdesk-go/cmd/api/main.go:1078.36,1080.63 1 0
github.com/mark3748/helpdesk-go/cmd/api/main.go:1080.63,1082.6 1 0
github.com/mark3748/helpdesk-go/cmd/api/main.go:1082.11,1085.6 2 0
github.com/mark3748/helpdesk-go/cmd/api/main.go:1087.4,1087.78 1 0
github.com/mark3748/helpdesk-go/cmd/api/main.go:1087.78,1088.56 1 0
github.com/mark3748/helpdesk-go/cmd/api/main.go:1088.56,1090.6 1 0
github.com/mark3748/helpdesk-go/cmd/api/main.go:1091.5,1091.46 1 0
github.com/mark3748/helpdesk-go/cmd/api/main.go:1093.4,1093.34 1 0
github.com/mark3748/helpdesk-go/cmd/api/main.go:1093.34,1096.5 2 0
github.com/mark3748/helpdesk-go/cmd/api/main.go:1097.4,1098.11 2 0
github.com/mark3748/helpdesk-go/cmd/api/main.go:1098.11,1101.5 2 0
github.com/mark3748/helpdesk-go/cmd/api/main.go:1102.4,1105.168 4 0
github.com/mark3748/helpdesk-go/cmd/api/main.go:1105.168,1108.5 2 0
github.com/mark3748/helpdesk-go/cmd/api/main.go:1109.4,1110.18 2 0
github.com/mark3748/helpdesk-go/cmd/api/main.go:1110.18,1113.5 2 0
github.com/mark3748/helpdesk-go/cmd/api/main.go:1114.4,1116.20 3 0
github.com/mark3748/helpdesk-go/cmd/api/main.go:1116.20,1118.44 2 0
github.com/mark3748/helpdesk-go/cmd/api/main.go:1118.44,1120.6 1 0
github.com/mark3748/helpdesk-go/cmd/api/main.go:1122.4,1125.10 4 0
github.com/mark3748/helpdesk-go/cmd/api/main.go:1128.3,1128.20 1 0
github.com/mark3748/helpdesk-go/cmd/api/main.go:1128.20,1131.4 2 0
github.com/mark3748/helpdesk-go/cmd/api/main.go:1132.3,1133.42 2 0
github.com/mark3748/helpdesk-go/cmd/api/main.go:1133.42,1136.4 2 0
github.com/mark3748/helpdesk-go/cmd/api/main.go:1137.3,1139.33 3 0
github.com/mark3748/helpdesk-go/cmd/api/main.go:1139.33,1142.4 2 0
github.com/mark3748/helpdesk-go/cmd/api/main.go:1143.3,1144.10 2 0
github.com/mark3748/helpdesk-go/cmd/api/main.go:1144.10,1147.4 2 0
github.com/mark3748/helpdesk-go/cmd/api/main.go:1148.3,1148.97 1 0
github.com/mark3748/helpdesk-go/cmd/api/main.go:1148.97,1151.4 2 0
github.com/mark3748/helpdesk-go/cmd/api/main.go:1152.3,1159.17 7 0
github.com/mark3748/helpdesk-go/cmd/api/main.go:1159.17,1160.37 1 0
github.com/mark3748/helpdesk-go/cmd/api/main.go:1160.37,1162.19 2 0
github.com/mark3748/helpdesk-go/cmd/api/main.go:1162.19,1165.6 2 0
github.com/mark3748/helpdesk-go/cmd/api/main.go:1166.5,1167.23 2 0
github.com/mark3748/helpdesk-go/cmd/api/main.go:1168.10,1171.5 2 0
github.com/mark3748/helpdesk-go/cmd/api/main.go:1173.3,1174.17 2 0
github.com/mark3748/helpdesk-go/cmd/api/main.go:1174.17,1177.4 2 0
github.com/mark3748/helpdesk-go/cmd/api/main.go:1178.3,1180.19 3 0
github.com/mark3748/helpdesk-go/cmd/api/main.go:1180.19,1182.43 2 0
github.com/mark3748/helpdesk-go/cmd/api/main.go:1182.43,1184.5 1 0
github.com/mark3748/helpdesk-go/cmd/api/main.go:1186.3,1186.43 1 0
github.com/mark3748/helpdesk-go/cmd/api/main.go:1186.43,1187.31 1 0
github.com/mark3748/helpdesk-go/cmd/api/main.go:1187.31,1188.26 1 0
github.com/mark3748/helpdesk-go/cmd/api/main.go:1189.24,1190.27 1 0
github.com/mark3748/helpdesk-go/cmd/api/main.go:1190.27,1191.35 1 0
github.com/mark3748/helpdesk-go/cmd/api/main.go:1191.35,1193.8 1 0
github.com/mark3748/helpdesk-go/cmd/api/main.go:1195.19,1196.26 1 0
github.com/mark3748/helpdesk-go/cmd/api/main.go:1196.26,1198.7 1 0
github.com/mark3748/helpdesk-go/cmd/api/main.go:1199.17,1200.29 1 0
github.com/mark3748/helpdesk-go/cmd/api/main.go:1204.3,1205.26 2 0
github.com/mark3748/helpdesk-go/cmd/api/main.go:1205.26,1207.4 1 0
github.com/mark3748/helpdesk-go/cmd/api/main.go:1208.3,1210.11 3 0
github.com/mark3748/helpdesk-go/cmd/api/main.go:1216.66,1218.123 2 0
github.com/mark3748/helpdesk-go/cmd/api/main.go:1218.123,1220.3 1 0
github.com/mark3748/helpdesk-go/cmd/api/main.go:1221.2,1221.12 1 0
github.com/mark3748/helpdesk-go/cmd/api/main.go:1221.12,1223.3 1 0
github.com/mark3748/helpdesk-go/cmd/api/main.go:1224.2,1225.14 2 0
github.com/mark3748/helpdesk-go/cmd/api/main.go:1225.14,1229.42 3 0
github.com/mark3748/helpdesk-go/cmd/api/main.go:1229.42,1231.4 1 0
github.com/mark3748/helpdesk-go/cmd/api/main.go:1232.3,1233.131 2 0
github.com/mark3748/helpdesk-go/cmd/api/main.go:1235.2,1236.16 2 0
github.com/mark3748/helpdesk-go/cmd/api/main.go:1236.16,1238.3 1 0
github.com/mark3748/helpdesk-go/cmd/api/main.go:1239.2,1240.221 2 0
github.com/mark3748/helpdesk-go/cmd/api/main.go:1240.221,1242.3 1 0
github.com/mark3748/helpdesk-go/cmd/api/main.go:1244.2,1247.12 3 0
github.com/mark3748/helpdesk-go/cmd/api/main.go:1268.51,1269.16 1 1
github.com/mark3748/helpdesk-go/cmd/api/main.go:1269.16,1272.3 2 0
github.com/mark3748/helpdesk-go/cmd/api/main.go:1275.2,1275.25 1 1
github.com/mark3748/helpdesk-go/cmd/api/main.go:1275.25,1277.20 1 0
github.com/mark3748/helpdesk-go/cmd/api/main.go:1277.20,1280.4 2 0
github.com/mark3748/helpdesk-go/cmd/api/main.go:1282.2,1285.22 4 1
github.com/mark3748/helpdesk-go/cmd/api/main.go:1285.22,1288.3 2 0
github.com/mark3748/helpdesk-go/cmd/api/main.go:1289.2,1289.16 1 1
github.com/mark3748/helpdesk-go/cmd/api/main.go:1289.16,1292.3 2 0
github.com/mark3748/helpdesk-go/cmd/api/main.go:1293.2,1300.57 2 1
github.com/mark3748/helpdesk-go/cmd/api/main.go:1300.57,1303.3 2 0
github.com/mark3748/helpdesk-go/cmd/api/main.go:1304.2,1304.32 1 1
github.com/mark3748/helpdesk-go/cmd/api/main.go:1304.32,1305.24 1 1
github.com/mark3748/helpdesk-go/cmd/api/main.go:1306.17,1307.50 1 0
github.com/mark3748/helpdesk-go/cmd/api/main.go:1307.50,1310.5 2 0
github.com/mark3748/helpdesk-go/cmd/api/main.go:1311.25,1312.50 1 1
github.com/mark3748/helpdesk-go/cmd/api/main.go:1312.50,1315.5 2 0
github.com/mark3748/helpdesk-go/cmd/api/main.go:1318.2,1318.25 1 1
github.com/mark3748/helpdesk-go/cmd/api/main.go:1318.25,1320.21 2 0
github.com/mark3748/helpdesk-go/cmd/api/main.go:1320.21,1322.4 1 0
github.com/mark3748/helpdesk-go/cmd/api/main.go:1323.3,1324.9 2 0
github.com/mark3748/helpdesk-go/cmd/api/main.go:1326.2,1326.18 1 1
github.com/mark3748/helpdesk-go/cmd/api/main.go:1326.18,1329.3 2 1
github.com/mark3748/helpdesk-go/cmd/api/main.go:1330.2,1330.24 1 0
github.com/mark3748/helpdesk-go/cmd/api/main.go:1330.24,1333.3 2 0
github.com/mark3748/helpdesk-go/cmd/api/main.go:1334.2,1334.39 1 0
github.com/mark3748/helpdesk-go/cmd/api/main.go:1334.39,1336.17 2 0
github.com/mark3748/helpdesk-go/cmd/api/main.go:1336.17,1339.4 2 0
github.com/mark3748/helpdesk-go/cmd/api/main.go:1340.3,1341.9 2 0
github.com/mark3748/helpdesk-go/cmd/api/main.go:1343.2,1344.23 2 0
github.com/mark3748/helpdesk-go/cmd/api/main.go:1344.23,1346.3 1 0
github.com/mark3748/helpdesk-go/cmd/api/main.go:1347.2,1348.32 2 0
github.com/mark3748/helpdesk-go/cmd/api/main.go:1353.51,1360.70 4 1
github.com/mark3748/helpdesk-go/cmd/api/main.go:1360.70,1363.3 2 0
github.com/mark3748/helpdesk-go/cmd/api/main.go:1365.2,1367.28 3 1
github.com/mark3748/helpdesk-go/cmd/api/main.go:1367.28,1370.3 2 1
github.com/mark3748/helpdesk-go/cmd/api/main.go:1371.2,1373.17 3 1
github.com/mark3748/helpdesk-go/cmd/api/main.go:1373.17,1374.90 1 1
github.com/mark3748/helpdesk-go/cmd/api/main.go:1374.90,1377.4 2 0
github.com/mark3748/helpdesk-go/cmd/api/main.go:1378.8,1380.3 1 0
github.com/mark3748/helpdesk-go/cmd/api/main.go:1381.2,1381.29 1 1
github.com/mark3748/helpdesk-go/cmd/api/main.go:1381.29,1382.17 1 1
github.com/mark3748/helpdesk-go/cmd/api/main.go:1382.17,1385.4 2 0
github.com/mark3748/helpdesk-go/cmd/api/main.go:1387.3,1389.27 3 1
github.com/mark3748/helpdesk-go/cmd/api/main.go:1390.17,1391.20 1 0
github.com/mark3748/helpdesk-go/cmd/api/main.go:1392.25,1393.20 1 1
github.com/mark3748/helpdesk-go/cmd/api/main.go:1395.3,1395.22 1 1
github.com/mark3748/helpdesk-go/cmd/api/main.go:1395.22,1397.4 1 0
github.com/mark3748/helpdesk-go/cmd/api/main.go:1398.3,1405.92 4 1
github.com/mark3748/helpdesk-go/cmd/api/main.go:1405.92,1408.4 2 0
github.com/mark3748/helpdesk-go/cmd/api/main.go:1410.3,1422.9 7 1
github.com/mark3748/helpdesk-go/cmd/api/main.go:1425.2,1426.33 2 1
github.com/mark3748/helpdesk-go/cmd/api/main.go:1433.48,1434.29 1 0
github.com/mark3748/helpdesk-go/cmd/api/main.go:1434.29,1436.3 1 0
github.com/mark3748/helpdesk-go/cmd/api/main.go:1437.2,1437.15 1 0
github.com/mark3748/helpdesk-go/cmd/api/main.go:1440.33,1441.14 1 0
github.com/mark3748/helpdesk-go/cmd/api/main.go:1441.14,1443.3 1 0
github.com/mark3748/helpdesk-go/cmd/api/main.go:1444.2,1444.10 1 0
github.com/mark3748/helpdesk-go/cmd/api/main.go:1447.33,1448.14 1 0
github.com/mark3748/helpdesk-go/cmd/api/main.go:1448.14,1450.3 1 0
github.com/mark3748/helpdesk-go/cmd/api/main.go:1451.2,1451.10 1 0
github.com/mark3748/helpdesk-go/cmd/api/main.go:1542.36,1543.14 1 0
github.com/mark3748/helpdesk-go/cmd/api/main.go:1543.14,1545.3 1 0
github.com/mark3748/helpdesk-go/cmd/api/main.go:1546.2,1548.11 3 0
github.com/mark3748/helpdesk-go/cmd/api/main.go:1551.106,1552.36 1 0
github.com/mark3748/helpdesk-go/cmd/api/main.go:1552.36,1554.3 1 0
github.com/mark3748/helpdesk-go/cmd/api/main.go:1557.2,1558.17 2 0
github.com/mark3748/helpdesk-go/cmd/api/main.go:1558.17,1560.49 1 0
github.com/mark3748/helpdesk-go/cmd/api/main.go:1560.49,1561.24 1 0
github.com/mark3748/helpdesk-go/cmd/api/main.go:1561.24,1563.5 1 0
github.com/mark3748/helpdesk-go/cmd/api/main.go:1564.9,1566.4 1 0
github.com/mark3748/helpdesk-go/cmd/api/main.go:1568.2,1568.19 1 0
github.com/mark3748/helpdesk-go/cmd/api/main.go:1568.19,1570.3 1 0
github.com/mark3748/helpdesk-go/cmd/api/main.go:1571.2,1571.54 1 0
github.com/mark3748/helpdesk-go/cmd/api/main.go:1574.112,1580.21 6 0
github.com/mark3748/helpdesk-go/cmd/api/main.go:1580.21,1582.3 1 0
github.com/mark3748/helpdesk-go/cmd/api/main.go:1583.2,1587.115 3 0
github.com/mark3748/helpdesk-go/cmd/api/main.go:1590.88,1591.16 1 1
github.com/mark3748/helpdesk-go/cmd/api/main.go:1591.16,1593.3 1 1
github.com/mark3748/helpdesk-go/cmd/api/main.go:1594.2,1606.16 3 0
github.com/mark3748/helpdesk-go/cmd/api/main.go:1606.16,1609.3 2 0
github.com/mark3748/helpdesk-go/cmd/api/main.go:1611.2,1613.55 3 0
github.com/mark3748/helpdesk-go/cmd/api/main.go:1613.55,1615.3 1 0
github.com/mark3748/helpdesk-go/cmd/api/main.go:1616.2,1617.103 2 0
github.com/mark3748/helpdesk-go/cmd/api/main.go:1620.89,1621.86 1 1
github.com/mark3748/helpdesk-go/cmd/api/main.go:1621.86,1623.3 1 1
github.com/mark3748/helpdesk-go/cmd/api/main.go:1624.2,1624.176 1 1
github.com/mark3748/helpdesk-go/cmd/api/main.go:1627.37,1628.13 1 1
github.com/mark3748/helpdesk-go/cmd/api/main.go:1628.13,1630.3 1 0
github.com/mark3748/helpdesk-go/cmd/api/main.go:1631.2,1631.10 1 1
github.com/mark3748/helpdesk-go/cmd/api/main.go:1677.44,1679.9 2 0
github.com/mark3748/helpdesk-go/cmd/api/main.go:1679.9,1682.3 2 0
github.com/mark3748/helpdesk-go/cmd/api/main.go:1683.2,1689.17 4 0
github.com/mark3748/helpdesk-go/cmd/api/main.go:1689.17,1691.3 1 0
github.com/mark3748/helpdesk-go/cmd/api/main.go:1692.2,1692.16 1 0
github.com/mark3748/helpdesk-go/cmd/api/main.go:1695.47,1696.31 1 0
github.com/mark3748/helpdesk-go/cmd/api/main.go:1696.31,1699.3 2 0
github.com/mark3748/helpdesk-go/cmd/api/main.go:1700.2,1701.9 2 0
github.com/mark3748/helpdesk-go/cmd/api/main.go:1701.9,1704.3 2 0
github.com/mark3748/helpdesk-go/cmd/api/main.go:1705.2,1710.46 3 0
github.com/mark3748/helpdesk-go/cmd/api/main.go:1710.46,1713.3 2 0
github.com/mark3748/helpdesk-go/cmd/api/main.go:1714.2,1714.46 1 0
github.com/mark3748/helpdesk-go/cmd/api/main.go:1714.46,1717.3 2 0
github.com/mark3748/helpdesk-go/cmd/api/main.go:1718.2,1718.21 1 0
github.com/mark3748/helpdesk-go/cmd/api/main.go:1718.21,1719.118 1 0
github.com/mark3748/helpdesk-go/cmd/api/main.go:1719.118,1722.4 2 0
github.com/mark3748/helpdesk-go/cmd/api/main.go:1724.2,1724.27 1 0
github.com/mark3748/helpdesk-go/cmd/api/main.go:1724.27,1725.131 1 0
github.com/mark3748/helpdesk-go/cmd/api/main.go:1725.131,1728.4 2 0
github.com/mark3748/helpdesk-go/cmd/api/main.go:1730.2,1730.32 1 0
github.com/mark3748/helpdesk-go/cmd/api/main.go:1733.48,1734.31 1 0
github.com/mark3748/helpdesk-go/cmd/api/main.go:1734.31,1737.3 2 0
github.com/mark3748/helpdesk-go/cmd/api/main.go:1738.2,1739.9 2 0
github.com/mark3748/helpdesk-go/cmd/api/main.go:1739.9,1742.3 2 0
github.com/mark3748/helpdesk-go/cmd/api/main.go:1743.2,1748.94 3 0
github.com/mark3748/helpdesk-go/cmd/api/main.go:1748.94,1751.3 2 0
github.com/mark3748/helpdesk-go/cmd/api/main.go:1752.2,1753.138 2 0
github.com/mark3748/helpdesk-go/cmd/api/main.go:1753.138,1756.3 2 0
github.com/mark3748/helpdesk-go/cmd/api/main.go:1757.2,1757.94 1 0
github.com/mark3748/helpdesk-go/cmd/api/main.go:1757.94,1760.3 2 0
github.com/mark3748/helpdesk-go/cmd/api/main.go:1761.2,1762.16 2 0
github.com/mark3748/helpdesk-go/cmd/api/main.go:1762.16,1765.3 2 0
github.com/mark3748/helpdesk-go/cmd/api/main.go:1766.2,1766.126 1 0
github.com/mark3748/helpdesk-go/cmd/api/main.go:1766.126,1769.3 2 0
github.com/mark3748/helpdesk-go/cmd/api/main.go:1770.2,1770.32 1 0
github.com/mark3748/helpdesk-go/cmd/api/main.go:1880.42,1883.39 3 1
github.com/mark3748/helpdesk-go/cmd/api/main.go:1883.39,1886.3 2 0
github.com/mark3748/helpdesk-go/cmd/api/main.go:1887.2,1889.16 3 1
github.com/mark3748/helpdesk-go/cmd/api/main.go:1889.16,1892.3 2 0
github.com/mark3748/helpdesk-go/cmd/api/main.go:1893.2,1893.29 1 1
github.com/mark3748/helpdesk-go/cmd/api/main.go:1893.29,1896.3 2 0
github.com/mark3748/helpdesk-go/cmd/api/main.go:1897.2,1897.32 1 1
github.com/mark3748/helpdesk-go/cmd/api/main.go:1900.40,1903.2 2 1
github.com/mark3748/helpdesk-go/cmd/api/main.go:1974.49,1975.16 1 0
github.com/mark3748/helpdesk-go/cmd/api/main.go:1975.16,1978.3 2 0
github.com/mark3748/helpdesk-go/cmd/api/main.go:1979.2,1980.46 2 0
github.com/mark3748/helpdesk-go/cmd/api/main.go:1980.46,1983.3 2 0
github.com/mark3748/helpdesk-go/cmd/api/main.go:1984.2,1986.38 2 0
github.com/mark3748/helpdesk-go/cmd/api/main.go:1986.38,1988.17 2 0
github.com/mark3748/helpdesk-go/cmd/api/main.go:1988.17,1991.4 2 0
github.com/mark3748/helpdesk-go/cmd/api/main.go:1992.3,1993.20 2 0
github.com/mark3748/helpdesk-go/cmd/api/main.go:1993.20,1995.4 1 0
github.com/mark3748/helpdesk-go/cmd/api/main.go:1996.3,1997.9 2 0
github.com/mark3748/helpdesk-go/cmd/api/main.go:2000.2,2001.19 2 0
github.com/mark3748/helpdesk-go/cmd/api/main.go:2001.19,2003.3 1 0
github.com/mark3748/helpdesk-go/cmd/api/main.go:2005.2,2005.122 1 0
github.com/mark3748/helpdesk-go/cmd/api/main.go:2015.50,2016.16 1 0
github.com/mark3748/helpdesk-go/cmd/api/main.go:2016.16,2019.3 2 0
github.com/mark3748/helpdesk-go/cmd/api/main.go:2020.2,2023.46 4 0
github.com/mark3748/helpdesk-go/cmd/api/main.go:2023.46,2026.3 2 0
github.com/mark3748/helpdesk-go/cmd/api/main.go:2028.2,2028.74 1 0
github.com/mark3748/helpdesk-go/cmd/api/main.go:2028.74,2031.3 2 0
github.com/mark3748/helpdesk-go/cmd/api/main.go:2032.2,2034.41 3 0
github.com/mark3748/helpdesk-go/cmd/api/main.go:2034.41,2037.3 2 0
github.com/mark3748/helpdesk-go/cmd/api/main.go:2038.2,2040.16 2 0
github.com/mark3748/helpdesk-go/cmd/api/main.go:2040.16,2043.3 2 0
github.com/mark3748/helpdesk-go/cmd/api/main.go:2044.2,2046.43 3 0
github.com/mark3748/helpdesk-go/cmd/api/main.go:2050.54,2051.16 1 0
github.com/mark3748/helpdesk-go/cmd/api/main.go:2051.16,2054.3 2 0
github.com/mark3748/helpdesk-go/cmd/api/main.go:2056.2,2056.38 1 0
github.com/mark3748/helpdesk-go/cmd/api/main.go:2056.38,2059.3 2 0
github.com/mark3748/helpdesk-go/cmd/api/main.go:2060.2,2061.49 2 0
github.com/mark3748/helpdesk-go/cmd/api/main.go:2061.49,2064.3 2 0
github.com/mark3748/helpdesk-go/cmd/api/main.go:2066.2,2067.16 2 0
github.com/mark3748/helpdesk-go/cmd/api/main.go:2067.16,2070.3 2 0
github.com/mark3748/helpdesk-go/cmd/api/main.go:2071.2,2072.14 2 0
github.com/mark3748/helpdesk-go/cmd/api/main.go:2072.14,2074.3 1 0
github.com/mark3748/helpdesk-go/cmd/api/main.go:2075.2,2075.174 1 0
github.com/mark3748/helpdesk-go/cmd/api/main.go:2075.174,2078.3 2 0
github.com/mark3748/helpdesk-go/cmd/api/main.go:2079.2,2079.15 1 0
github.com/mark3748/helpdesk-go/cmd/api/main.go:2082.47,2086.16 4 0
github.com/mark3748/helpdesk-go/cmd/api/main.go:2086.16,2089.3 2 0
github.com/mark3748/helpdesk-go/cmd/api/main.go:2090.2,2099.18 4 0
github.com/mark3748/helpdesk-go/cmd/api/main.go:2099.18,2101.86 2 0
github.com/mark3748/helpdesk-go/cmd/api/main.go:2101.86,2103.4 1 0
github.com/mark3748/helpdesk-go/cmd/api/main.go:2105.2,2105.18 1 0
github.com/mark3748/helpdesk-go/cmd/api/main.go:2109.45,2116.16 7 0
github.com/mark3748/helpdesk-go/cmd/api/main.go:2116.16,2119.3 2 0
github.com/mark3748/helpdesk-go/cmd/api/main.go:2121.2,2121.31 1 0
github.com/mark3748/helpdesk-go/cmd/api/main.go:2121.31,2122.40 1 0
github.com/mark3748/helpdesk-go/cmd/api/main.go:2122.40,2124.18 2 0
github.com/mark3748/helpdesk-go/cmd/api/main.go:2124.18,2127.5 2 0
github.com/mark3748/helpdesk-go/cmd/api/main.go:2128.4,2129.10 2 0
github.com/mark3748/helpdesk-go/cmd/api/main.go:2133.2,2133.31 1 0
github.com/mark3748/helpdesk-go/cmd/api/main.go:2133.31,2135.30 2 0
github.com/mark3748/helpdesk-go/cmd/api/main.go:2135.30,2137.4 1 0
github.com/mark3748/helpdesk-go/cmd/api/main.go:2139.3,2142.80 4 0
github.com/mark3748/helpdesk-go/cmd/api/main.go:2142.80,2145.4 2 0
github.com/mark3748/helpdesk-go/cmd/api/main.go:2146.3,2146.33 1 0
github.com/mark3748/helpdesk-go/cmd/api/main.go:2146.33,2148.4 1 0
github.com/mark3748/helpdesk-go/cmd/api/main.go:2148.9,2150.4 1 0
github.com/mark3748/helpdesk-go/cmd/api/main.go:2151.3,2153.9 3 0
github.com/mark3748/helpdesk-go/cmd/api/main.go:2155.2,2155.60 1 0
github.com/mark3748/helpdesk-go/cmd/api/main.go:2158.48,2159.16 1 0
github.com/mark3748/helpdesk-go/cmd/api/main.go:2159.16,2162.3 2 0
github.com/mark3748/helpdesk-go/cmd/api/main.go:2163.2,2169.16 7 0
github.com/mark3748/helpdesk-go/cmd/api/main.go:2169.16,2172.3 2 0
github.com/mark3748/helpdesk-go/cmd/api/main.go:2173.2,2175.16 3 0
github.com/mark3748/helpdesk-go/cmd/api/main.go:2175.16,2178.3 2 0
github.com/mark3748/helpdesk-go/cmd/api/main.go:2179.2,2181.32 3 0
github.com/mark3748/helpdesk-go/cmd/api/main.go:2195.47,2197.46 2 1
github.com/mark3748/helpdesk-go/cmd/api/main.go:2197.46,2200.3 2 0
github.com/mark3748/helpdesk-go/cmd/api/main.go:2201.2,2204.25 4 1
github.com/mark3748/helpdesk-go/cmd/api/main.go:2204.25,2207.17 2 1
github.com/mark3748/helpdesk-go/cmd/api/main.go:2207.17,2209.4 1 1
github.com/mark3748/helpdesk-go/cmd/api/main.go:2210.8,2218.3 1 0
github.com/mark3748/helpdesk-go/cmd/api/main.go:2219.2,2219.16 1 1
github.com/mark3748/helpdesk-go/cmd/api/main.go:2219.16,2222.3 2 0
github.com/mark3748/helpdesk-go/cmd/api/main.go:2223.2,2223.78 1 1
github.com/mark3748/helpdesk-go/cmd/api/main.go:2226.44,2231.25 5 1
github.com/mark3748/helpdesk-go/cmd/api/main.go:2231.25,2233.3 1 1
github.com/mark3748/helpdesk-go/cmd/api/main.go:2233.8,2235.3 1 0
github.com/mark3748/helpdesk-go/cmd/api/main.go:2236.2,2236.16 1 1
github.com/mark3748/helpdesk-go/cmd/api/main.go:2236.16,2239.3 2 0
github.com/mark3748/helpdesk-go/cmd/api/main.go:2240.2,2240.18 1 1
github.com/mark3748/helpdesk-go/cmd/api/main.go:2243.47,2246.46 3 1
github.com/mark3748/helpdesk-go/cmd/api/main.go:2246.46,2249.3 2 0
github.com/mark3748/helpdesk-go/cmd/api/main.go:2250.2,2253.25 4 1
github.com/mark3748/helpdesk-go/cmd/api/main.go:2253.25,2269.3 1 1
github.com/mark3748/helpdesk-go/cmd/api/main.go:2269.8,2277.3 1 0
github.com/mark3748/helpdesk-go/cmd/api/main.go:2278.2,2278.16 1 1
github.com/mark3748/helpdesk-go/cmd/api/main.go:2278.16,2279.36 1 1
github.com/mark3748/helpdesk-go/cmd/api/main.go:2279.36,2282.4 2 1
github.com/mark3748/helpdesk-go/cmd/api/main.go:2283.3,2284.9 2 0
github.com/mark3748/helpdesk-go/cmd/api/main.go:2286.2,2286.18 1 1
github.com/mark3748/helpdesk-go/cmd/api/emails/outbound.go:21.47,22.30 1 1
github.com/mark3748/helpdesk-go/cmd/api/emails/outbound.go:22.30,24.17 2 1
github.com/mark3748/helpdesk-go/cmd/api/emails/outbound.go:24.17,27.4 2 0
github.com/mark3748/helpdesk-go/cmd/api/emails/outbound.go:28.3,30.19 3 1
github.com/mark3748/helpdesk-go/cmd/api/emails/outbound.go:30.19,33.103 3 1
github.com/mark3748/helpdesk-go/cmd/api/emails/outbound.go:33.103,36.5 2 0
github.com/mark3748/helpdesk-go/cmd/api/emails/outbound.go:37.4,37.32 1 1
github.com/mark3748/helpdesk-go/cmd/api/emails/outbound.go:37.32,39.5 1 0
github.com/mark3748/helpdesk-go/cmd/api/emails/outbound.go:40.4,40.24 1 1
github.com/mark3748/helpdesk-go/cmd/api/emails/outbound.go:42.3,42.29 1 1
github.com/mark3748/helpdesk-go/cmd/api/events/emit.go:11.86,12.15 1 0
github.com/mark3748/helpdesk-go/cmd/api/events/emit.go:12.15,14.3 1 0
github.com/mark3748/helpdesk-go/cmd/api/events/emit.go:15.2,16.16 2 0
github.com/mark3748/helpdesk-go/cmd/api/events/emit.go:16.16,18.3 1 0
github.com/mark3748/helpdesk-go/cmd/api/events/emit.go:19.2,20.42 2 0
github.com/mark3748/helpdesk-go/cmd/api/events/events.go:22.44,23.30 1 1
github.com/mark3748/helpdesk-go/cmd/api/events/events.go:23.30,24.18 1 1
github.com/mark3748/helpdesk-go/cmd/api/events/events.go:24.18,27.4 2 0
github.com/mark3748/helpdesk-go/cmd/api/events/events.go:29.3,35.10 6 1
github.com/mark3748/helpdesk-go/cmd/api/events/events.go:35.10,38.4 2 0
github.com/mark3748/helpdesk-go/cmd/api/events/events.go:40.3,47.51 4 1
github.com/mark3748/helpdesk-go/cmd/api/events/events.go:47.51,50.4 2 1
github.com/mark3748/helpdesk-go/cmd/api/events/events.go:53.3,53.69 1 1
github.com/mark3748/helpdesk-go/cmd/api/events/events.go:53.69,59.18 2 1
github.com/mark3748/helpdesk-go/cmd/api/events/events.go:59.18,61.5 1 0
github.com/mark3748/helpdesk-go/cmd/api/events/events.go:62.4,63.20 2 1
github.com/mark3748/helpdesk-go/cmd/api/events/events.go:63.20,67.63 4 1
github.com/mark3748/helpdesk-go/cmd/api/events/events.go:67.63,68.14 1 0
github.com/mark3748/helpdesk-go/cmd/api/events/events.go:70.5,77.17 8 1
github.com/mark3748/helpdesk-go/cmd/api/events/events.go:79.4,79.25 1 1
github.com/mark3748/helpdesk-go/cmd/api/events/events.go:82.3,89.7 6 1
github.com/mark3748/helpdesk-go/cmd/api/events/events.go:89.7,90.11 1 1
github.com/mark3748/helpdesk-go/cmd/api/events/events.go:91.22,92.11 1 1
github.com/mark3748/helpdesk-go/cmd/api/events/events.go:93.18,94.38 1 0
github.com/mark3748/helpdesk-go/cmd/api/events/events.go:95.19,97.20 2 0
github.com/mark3748/helpdesk-go/cmd/api/kb/kb.go:13.44,14.30 1 1
github.com/mark3748/helpdesk-go/cmd/api/kb/kb.go:14.30,17.17 3 1
github.com/mark3748/helpdesk-go/cmd/api/kb/kb.go:17.17,20.4 2 0
github.com/mark3748/helpdesk-go/cmd/api/kb/kb.go:21.3,21.30 1 1
github.com/mark3748/helpdesk-go/cmd/api/kb/kb.go:26.41,27.30 1 1
github.com/mark3748/helpdesk-go/cmd/api/kb/kb.go:27.30,29.17 2 1
github.com/mark3748/helpdesk-go/cmd/api/kb/kb.go:29.17,32.4 2 1
github.com/mark3748/helpdesk-go/cmd/api/kb/kb.go:33.3,33.29 1 1
github.com/mark3748/helpdesk-go/cmd/api/kb/kb.go:38.44,44.30 2 1
github.com/mark3748/helpdesk-go/cmd/api/kb/kb.go:44.30,46.105 2 1
github.com/mark3748/helpdesk-go/cmd/api/kb/kb.go:46.105,49.4 2 0
github.com/mark3748/helpdesk-go/cmd/api/kb/kb.go:50.3,51.17 2 1
github.com/mark3748/helpdesk-go/cmd/api/kb/kb.go:51.17,54.4 2 0
github.com/mark3748/helpdesk-go/cmd/api/kb/kb.go:55.3,55.34 1 1
github.com/mark3748/helpdesk-go/cmd/api/kb/kb.go:60.44,66.30 2 1
github.com/mark3748/helpdesk-go/cmd/api/kb/kb.go:66.30,68.105 2 1
github.com/mark3748/helpdesk-go/cmd/api/kb/kb.go:68.105,71.4 2 0
github.com/mark3748/helpdesk-go/cmd/api/kb/kb.go:72.3,73.17 2 1
github.com/mark3748/helpdesk-go/cmd/api/kb/kb.go:73.17,76.4 2 0
github.com/mark3748/helpdesk-go/cmd/api/kb/kb.go:77.3,77.29 1 1
github.com/mark3748/helpdesk-go/cmd/api/kb/kb.go:82.44,83.30 1 1
github.com/mark3748/helpdesk-go/cmd/api/kb/kb.go:83.30,84.82 1 1
github.com/mark3748/helpdesk-go/cmd/api/kb/kb.go:84.82,87.4 2 0
github.com/mark3748/helpdesk-go/cmd/api/kb/kb.go:88.3,88.33 1 1
github.com/mark3748/helpdesk-go/cmd/api/handlers/events.go:17.40,18.30 1 0
github.com/mark3748/helpdesk-go/cmd/api/handlers/events.go:18.30,20.10 2 0
github.com/mark3748/helpdesk-go/cmd/api/handlers/events.go:20.10,23.4 2 0
github.com/mark3748/helpdesk-go/cmd/api/handlers/events.go:24.3,25.10 2 0
github.com/mark3748/helpdesk-go/cmd/api/handlers/events.go:25.10,28.4 2 0
github.com/mark3748/helpdesk-go/cmd/api/handlers/events.go:29.3,30.17 2 0
github.com/mark3748/helpdesk-go/cmd/api/handlers/events.go:30.17,32.4 1 0
github.com/mark3748/helpdesk-go/cmd/api/handlers/events.go:34.3,40.11 6 0
github.com/mark3748/helpdesk-go/cmd/api/handlers/events.go:44.48,45.26 1 0
github.com/mark3748/helpdesk-go/cmd/api/handlers/events.go:45.26,46.16 1 0
github.com/mark3748/helpdesk-go/cmd/api/handlers/events.go:46.16,48.4 1 0
github.com/mark3748/helpdesk-go/cmd/api/handlers/events.go:50.2,50.14 1 0
github.com/mark3748/helpdesk-go/cmd/api/handlers/features.go:10.46,11.30 1 0
github.com/mark3748/helpdesk-go/cmd/api/handlers/features.go:11.30,16.3 2 0
github.com/mark3748/helpdesk-go/cmd/api/handlers/settings.go:49.63,52.15 3 1
github.com/mark3748/helpdesk-go/cmd/api/handlers/settings.go:52.15,54.3 1 0
github.com/mark3748/helpdesk-go/cmd/api/handlers/settings.go:55.2,56.19 2 1
github.com/mark3748/helpdesk-go/cmd/api/handlers/settings.go:56.19,58.3 1 1
github.com/mark3748/helpdesk-go/cmd/api/handlers/settings.go:61.58,63.20 2 0
github.com/mark3748/helpdesk-go/cmd/api/handlers/settings.go:63.20,69.3 5 0
github.com/mark3748/helpdesk-go/cmd/api/handlers/settings.go:70.2,74.16 5 0
github.com/mark3748/helpdesk-go/cmd/api/handlers/settings.go:74.16,75.27 1 0
github.com/mark3748/helpdesk-go/cmd/api/handlers/settings.go:75.27,81.4 5 0
github.com/mark3748/helpdesk-go/cmd/api/handlers/settings.go:82.3,82.16 1 0
github.com/mark3748/helpdesk-go/cmd/api/handlers/settings.go:84.2,84.22 1 0
github.com/mark3748/helpdesk-go/cmd/api/handlers/settings.go:84.22,86.3 1 0
github.com/mark3748/helpdesk-go/cmd/api/handlers/settings.go:86.8,88.3 1 0
github.com/mark3748/helpdesk-go/cmd/api/handlers/settings.go:89.2,89.19 1 0
github.com/mark3748/helpdesk-go/cmd/api/handlers/settings.go:89.19,91.3 1 0
github.com/mark3748/helpdesk-go/cmd/api/handlers/settings.go:92.2,92.19 1 0
github.com/mark3748/helpdesk-go/cmd/api/handlers/settings.go:92.19,94.3 1 0
github.com/mark3748/helpdesk-go/cmd/api/handlers/settings.go:94.8,96.3 1 0
github.com/mark3748/helpdesk-go/cmd/api/handlers/settings.go:97.2,97.15 1 0
github.com/mark3748/helpdesk-go/cmd/api/handlers/settings.go:97.15,99.3 1 0
github.com/mark3748/helpdesk-go/cmd/api/handlers/settings.go:100.2,100.15 1 0
github.com/mark3748/helpdesk-go/cmd/api/handlers/settings.go:104.71,106.15 2 1
github.com/mark3748/helpdesk-go/cmd/api/handlers/settings.go:106.15,112.3 5 0
github.com/mark3748/helpdesk-go/cmd/api/handlers/settings.go:113.2,117.16 5 1
github.com/mark3748/helpdesk-go/cmd/api/handlers/settings.go:117.16,118.27 1 0
github.com/mark3748/helpdesk-go/cmd/api/handlers/settings.go:118.27,124.4 5 0
github.com/mark3748/helpdesk-go/cmd/api/handlers/settings.go:125.3,125.16 1 0
github.com/mark3748/helpdesk-go/cmd/api/handlers/settings.go:127.2,127.22 1 1
github.com/mark3748/helpdesk-go/cmd/api/handlers/settings.go:127.22,129.3 1 1
github.com/mark3748/helpdesk-go/cmd/api/handlers/settings.go:129.8,131.3 1 0
github.com/mark3748/helpdesk-go/cmd/api/handlers/settings.go:132.2,132.19 1 1
github.com/mark3748/helpdesk-go/cmd/api/handlers/settings.go:132.19,134.3 1 1
github.com/mark3748/helpdesk-go/cmd/api/handlers/settings.go:135.2,135.19 1 1
github.com/mark3748/helpdesk-go/cmd/api/handlers/settings.go:135.19,137.3 1 1
github.com/mark3748/helpdesk-go/cmd/api/handlers/settings.go:137.8,139.3 1 0
github.com/mark3748/helpdesk-go/cmd/api/handlers/settings.go:140.2,140.15 1 1
github.com/mark3748/helpdesk-go/cmd/api/handlers/settings.go:140.15,142.3 1 0
github.com/mark3748/helpdesk-go/cmd/api/handlers/settings.go:143.2,143.15 1 1
github.com/mark3748/helpdesk-go/cmd/api/handlers/settings.go:147.34,149.16 2 0
github.com/mark3748/helpdesk-go/cmd/api/handlers/settings.go:149.16,152.3 2 0
github.com/mark3748/helpdesk-go/cmd/api/handlers/settings.go:153.2,153.26 1 0
github.com/mark3748/helpdesk-go/cmd/api/handlers/settings.go:157.42,158.20 1 0
github.com/mark3748/helpdesk-go/cmd/api/handlers/settings.go:158.20,161.3 2 0
github.com/mark3748/helpdesk-go/cmd/api/handlers/settings.go:162.2,163.48 2 0
github.com/mark3748/helpdesk-go/cmd/api/handlers/settings.go:163.48,166.3 2 0
github.com/mark3748/helpdesk-go/cmd/api/handlers/settings.go:167.2,168.124 2 0
github.com/mark3748/helpdesk-go/cmd/api/handlers/settings.go:168.124,171.3 2 0
github.com/mark3748/helpdesk-go/cmd/api/handlers/settings.go:172.2,172.42 1 0
github.com/mark3748/helpdesk-go/cmd/api/handlers/settings.go:176.39,177.20 1 0
github.com/mark3748/helpdesk-go/cmd/api/handlers/settings.go:177.20,180.3 2 0
github.com/mark3748/helpdesk-go/cmd/api/handlers/settings.go:181.2,182.48 2 0
github.com/mark3748/helpdesk-go/cmd/api/handlers/settings.go:182.48,185.3 2 0
github.com/mark3748/helpdesk-go/cmd/api/handlers/settings.go:186.2,187.121 2 0
github.com/mark3748/helpdesk-go/cmd/api/handlers/settings.go:187.121,190.3 2 0
github.com/mark3748/helpdesk-go/cmd/api/handlers/settings.go:191.2,191.42 1 0
github.com/mark3748/helpdesk-go/cmd/api/handlers/settings.go:195.39,197.48 2 0
github.com/mark3748/helpdesk-go/cmd/api/handlers/settings.go:197.48,200.3 2 0
github.com/mark3748/helpdesk-go/cmd/api/handlers/settings.go:201.2,201.20 1 0
github.com/mark3748/helpdesk-go/cmd/api/handlers/settings.go:201.20,204.26 2 0
github.com/mark3748/helpdesk-go/cmd/api/handlers/settings.go:204.26,206.4 1 0
github.com/mark3748/helpdesk-go/cmd/api/handlers/settings.go:207.3,208.9 2 0
github.com/mark3748/helpdesk-go/cmd/api/handlers/settings.go:210.2,211.121 2 0
github.com/mark3748/helpdesk-go/cmd/api/handlers/settings.go:211.121,214.3 2 0
github.com/mark3748/helpdesk-go/cmd/api/handlers/settings.go:215.2,215.42 1 0
github.com/mark3748/helpdesk-go/cmd/api/handlers/settings.go:219.39,220.22 1 0
github.com/mark3748/helpdesk-go/cmd/api/handlers/settings.go:220.22,223.29 2 0
github.com/mark3748/helpdesk-go/cmd/api/handlers/settings.go:223.29,225.4 1 0
github.com/mark3748/helpdesk-go/cmd/api/handlers/settings.go:226.3,226.13 1 0
github.com/mark3748/helpdesk-go/cmd/api/handlers/settings.go:228.2,228.20 1 0
github.com/mark3748/helpdesk-go/cmd/api/handlers/settings.go:228.20,230.3 1 0
github.com/mark3748/helpdesk-go/cmd/api/handlers/settings.go:231.2,232.16 2 0
github.com/mark3748/helpdesk-go/cmd/api/handlers/settings.go:232.16,234.3 1 0
github.com/mark3748/helpdesk-go/cmd/api/handlers/settings.go:235.2,235.15 1 0
github.com/mark3748/helpdesk-go/cmd/api/handlers/settings.go:239.35,240.25 1 0
github.com/mark3748/helpdesk-go/cmd/api/handlers/settings.go:240.25,243.3 2 0
github.com/mark3748/helpdesk-go/cmd/api/handlers/settings.go:244.2,245.14 2 0
github.com/mark3748/helpdesk-go/cmd/api/handlers/settings.go:245.14,247.3 1 0
github.com/mark3748/helpdesk-go/cmd/api/handlers/settings.go:248.2,249.46 2 0
github.com/mark3748/helpdesk-go/cmd/api/handlers/settings.go:253.37,254.20 1 0
github.com/mark3748/helpdesk-go/cmd/api/handlers/settings.go:254.20,257.3 2 0
github.com/mark3748/helpdesk-go/cmd/api/handlers/settings.go:258.2,261.104 4 0
github.com/mark3748/helpdesk-go/cmd/api/handlers/settings.go:269.45,270.30 1 1
github.com/mark3748/helpdesk-go/cmd/api/handlers/settings.go:270.30,272.17 2 1
github.com/mark3748/helpdesk-go/cmd/api/handlers/settings.go:272.17,275.4 2 0
github.com/mark3748/helpdesk-go/cmd/api/handlers/settings.go:277.3,280.27 4 1
github.com/mark3748/helpdesk-go/cmd/api/handlers/settings.go:285.45,286.30 1 1
github.com/mark3748/helpdesk-go/cmd/api/handlers/settings.go:286.30,288.49 2 1
github.com/mark3748/helpdesk-go/cmd/api/handlers/settings.go:288.49,291.4 2 0
github.com/mark3748/helpdesk-go/cmd/api/handlers/settings.go:292.3,293.117 2 1
github.com/mark3748/helpdesk-go/cmd/api/handlers/settings.go:293.117,296.4 2 0
github.com/mark3748/helpdesk-go/cmd/api/handlers/settings.go:297.3,297.43 1 1
github.com/mark3748/helpdesk-go/cmd/api/handlers/settings.go:302.45,303.30 1 1
github.com/mark3748/helpdesk-go/cmd/api/handlers/settings.go:303.30,305.17 2 1
github.com/mark3748/helpdesk-go/cmd/api/handlers/settings.go:305.17,308.4 2 0
github.com/mark3748/helpdesk-go/cmd/api/handlers/settings.go:309.3,309.32 1 1
github.com/mark3748/helpdesk-go/cmd/api/handlers/settings.go:314.45,315.30 1 1
github.com/mark3748/helpdesk-go/cmd/api/handlers/settings.go:315.30,317.49 2 1
github.com/mark3748/helpdesk-go/cmd/api/handlers/settings.go:317.49,320.4 2 0
github.com/mark3748/helpdesk-go/cmd/api/handlers/settings.go:321.3,322.117 2 1
github.com/mark3748/helpdesk-go/cmd/api/handlers/settings.go:322.117,325.4 2 0
github.com/mark3748/helpdesk-go/cmd/api/handlers/settings.go:326.3,326.43 1 1
github.com/mark3748/helpdesk-go/cmd/api/handlers/settings.go:331.46,332.30 1 1
github.com/mark3748/helpdesk-go/cmd/api/handlers/settings.go:332.30,334.17 2 1
github.com/mark3748/helpdesk-go/cmd/api/handlers/settings.go:334.17,337.4 2 0
github.com/mark3748/helpdesk-go/cmd/api/handlers/settings.go:338.3,339.17 2 1
github.com/mark3748/helpdesk-go/cmd/api/handlers/settings.go:339.17,342.4 2 1
github.com/mark3748/helpdesk-go/cmd/api/handlers/settings.go:343.3,344.17 2 1
github.com/mark3748/helpdesk-go/cmd/api/handlers/settings.go:344.17,346.4 1 1
github.com/mark3748/helpdesk-go/cmd/api/handlers/settings.go:347.3,348.17 2 1
github.com/mark3748/helpdesk-go/cmd/api/handlers/settings.go:348.17,350.4 1 1
github.com/mark3748/helpdesk-go/cmd/api/handlers/settings.go:351.3,355.17 5 1
github.com/mark3748/helpdesk-go/cmd/api/handlers/settings.go:355.17,357.4 1 0
github.com/mark3748/helpdesk-go/cmd/api/handlers/settings.go:358.3,359.77 2 1
github.com/mark3748/helpdesk-go/cmd/api/handlers/settings.go:359.77,362.4 2 0
github.com/mark3748/helpdesk-go/cmd/api/handlers/settings.go:363.3,364.16 2 1
github.com/mark3748/helpdesk-go/cmd/api/handlers/settings.go:364.16,366.4 1 1
github.com/mark3748/helpdesk-go/cmd/api/handlers/settings.go:367.3,367.105 1 1
github.com/mark3748/helpdesk-go/cmd/api/metrics/metrics.go:41.25,42.25 1 0
github.com/mark3748/helpdesk-go/cmd/api/metrics/metrics.go:42.25,50.3 1 0
github.com/mark3748/helpdesk-go/cmd/api/metrics/metrics.go:53.38,54.30 1 1
github.com/mark3748/helpdesk-go/cmd/api/metrics/metrics.go:54.30,56.18 2 1
github.com/mark3748/helpdesk-go/cmd/api/metrics/metrics.go:56.18,59.4 2 1
github.com/mark3748/helpdesk-go/cmd/api/metrics/metrics.go:60.3,70.17 3 0
github.com/mark3748/helpdesk-go/cmd/api/metrics/metrics.go:70.17,73.4 2 0
github.com/mark3748/helpdesk-go/cmd/api/metrics/metrics.go:74.3,75.16 2 0
github.com/mark3748/helpdesk-go/cmd/api/metrics/metrics.go:75.16,77.4 1 0
github.com/mark3748/helpdesk-go/cmd/api/metrics/metrics.go:78.3,78.89 1 0
github.com/mark3748/helpdesk-go/cmd/api/metrics/metrics.go:82.45,83.30 1 1
github.com/mark3748/helpdesk-go/cmd/api/metrics/metrics.go:83.30,85.18 2 1
github.com/mark3748/helpdesk-go/cmd/api/metrics/metrics.go:85.18,88.4 2 1
github.com/mark3748/helpdesk-go/cmd/api/metrics/metrics.go:89.3,96.17 3 0
github.com/mark3748/helpdesk-go/cmd/api/metrics/metrics.go:96.17,99.4 2 0
github.com/mark3748/helpdesk-go/cmd/api/metrics/metrics.go:100.3,100.65 1 0
github.com/mark3748/helpdesk-go/cmd/api/metrics/metrics.go:104.47,105.30 1 1
github.com/mark3748/helpdesk-go/cmd/api/metrics/metrics.go:105.30,107.18 2 1
github.com/mark3748/helpdesk-go/cmd/api/metrics/metrics.go:107.18,110.4 2 1
github.com/mark3748/helpdesk-go/cmd/api/metrics/metrics.go:111.3,118.17 2 0
github.com/mark3748/helpdesk-go/cmd/api/metrics/metrics.go:118.17,121.4 2 0
github.com/mark3748/helpdesk-go/cmd/api/metrics/metrics.go:122.3,128.19 4 0
github.com/mark3748/helpdesk-go/cmd/api/metrics/metrics.go:128.19,130.56 2 0
github.com/mark3748/helpdesk-go/cmd/api/metrics/metrics.go:130.56,132.5 1 0
github.com/mark3748/helpdesk-go/cmd/api/metrics/metrics.go:134.3,134.45 1 0
github.com/mark3748/helpdesk-go/cmd/api/metrics/metrics.go:139.44,140.30 1 1
[...]
github.com/mark3748/helpdesk-go/cmd/worker/main.go:286.25,289.3 2 1
github.com/mark3748/helpdesk-go/cmd/worker/main.go:290.2,292.16 3 1
github.com/mark3748/helpdesk-go/cmd/worker/main.go:292.16,294.3 1 0
github.com/mark3748/helpdesk-go/cmd/worker/main.go:295.2,298.89 4 1
github.com/mark3748/helpdesk-go/cmd/worker/main.go:298.89,300.3 1 0
github.com/mark3748/helpdesk-go/cmd/worker/main.go:301.2,301.18 1 1
github.com/mark3748/helpdesk-go/cmd/worker/main.go:301.18,304.77 3 1
github.com/mark3748/helpdesk-go/cmd/worker/main.go:304.77,306.4 1 0
github.com/mark3748/helpdesk-go/cmd/worker/main.go:307.3,307.99 1 1
github.com/mark3748/helpdesk-go/cmd/worker/main.go:307.99,309.4 1 0
github.com/mark3748/helpdesk-go/cmd/worker/main.go:311.2,312.34 2 1
github.com/mark3748/helpdesk-go/cmd/worker/main.go:312.34,314.3 1 0
github.com/mark3748/helpdesk-go/cmd/worker/main.go:315.2,317.16 3 1
github.com/mark3748/helpdesk-go/cmd/worker/main.go:317.16,319.3 1 0
github.com/mark3748/helpdesk-go/cmd/worker/main.go:321.2,321.23 1 1
github.com/mark3748/helpdesk-go/cmd/worker/main.go:326.132,327.47 1 1
github.com/mark3748/helpdesk-go/cmd/worker/main.go:327.47,329.3 1 0
github.com/mark3748/helpdesk-go/cmd/worker/main.go:330.2,331.84 2 1
github.com/mark3748/helpdesk-go/cmd/worker/main.go:331.84,333.3 1 0
github.com/mark3748/helpdesk-go/cmd/worker/main.go:334.2,335.84 2 1
github.com/mark3748/helpdesk-go/cmd/worker/main.go:335.84,337.3 1 0
github.com/mark3748/helpdesk-go/cmd/worker/main.go:338.2,338.20 1 1
github.com/mark3748/helpdesk-go/cmd/worker/main.go:338.20,340.3 1 1
github.com/mark3748/helpdesk-go/cmd/worker/main.go:341.2,346.16 2 1
github.com/mark3748/helpdesk-go/cmd/worker/main.go:346.16,348.3 1 0
github.com/mark3748/helpdesk-go/cmd/worker/main.go:349.2,352.118 4 1
github.com/mark3748/helpdesk-go/cmd/worker/main.go:352.118,354.3 1 0
github.com/mark3748/helpdesk-go/cmd/worker/main.go:355.2,359.18 5 1
github.com/mark3748/helpdesk-go/cmd/worker/main.go:359.18,362.100 3 1
github.com/mark3748/helpdesk-go/cmd/worker/main.go:362.100,364.4 1 0
github.com/mark3748/helpdesk-go/cmd/worker/main.go:365.3,365.132 1 1
github.com/mark3748/helpdesk-go/cmd/worker/main.go:365.132,367.4 1 0
github.com/mark3748/helpdesk-go/cmd/worker/main.go:368.3,368.13 1 1
github.com/mark3748/helpdesk-go/cmd/worker/main.go:368.13,370.4 1 0
github.com/mark3748/helpdesk-go/cmd/worker/main.go:371.3,383.20 5 1
github.com/mark3748/helpdesk-go/cmd/worker/main.go:385.2,386.34 2 1
github.com/mark3748/helpdesk-go/cmd/worker/main.go:386.34,388.3 1 0
github.com/mark3748/helpdesk-go/cmd/worker/main.go:389.2,390.18 2 1
github.com/mark3748/helpdesk-go/cmd/worker/main.go:390.18,392.3 1 0
github.com/mark3748/helpdesk-go/cmd/worker/main.go:393.2,396.180 4 1
github.com/mark3748/helpdesk-go/cmd/worker/main.go:396.180,398.3 1 0
github.com/mark3748/helpdesk-go/cmd/worker/main.go:399.2,399.191 1 1
github.com/mark3748/helpdesk-go/cmd/worker/main.go:399.191,401.3 1 0
github.com/mark3748/helpdesk-go/cmd/worker/main.go:402.2,408.36 6 1
github.com/mark3748/helpdesk-go/cmd/worker/main.go:408.36,411.26 3 0
github.com/mark3748/helpdesk-go/cmd/worker/main.go:411.26,414.4 2 0
github.com/mark3748/helpdesk-go/cmd/worker/main.go:416.2,416.37 1 1
github.com/mark3748/helpdesk-go/cmd/worker/main.go:419.117,422.16 3 1
github.com/mark3748/helpdesk-go/cmd/worker/main.go:422.16,425.3 2 0
github.com/mark3748/helpdesk-go/cmd/worker/main.go:425.8,428.3 2 1
github.com/mark3748/helpdesk-go/cmd/worker/main.go:429.2,433.72 2 1
github.com/mark3748/helpdesk-go/cmd/worker/main.go:433.72,435.3 1 0
github.com/mark3748/helpdesk-go/cmd/worker/main.go:438.103,441.2 2 0
github.com/mark3748/helpdesk-go/cmd/worker/main.go:443.140,446.16 3 1
github.com/mark3748/helpdesk-go/cmd/worker/main.go:446.16,449.3 2 0
github.com/mark3748/helpdesk-go/cmd/worker/main.go:449.8,452.3 2 1
github.com/mark3748/helpdesk-go/cmd/worker/main.go:453.2,454.74 2 1
github.com/mark3748/helpdesk-go/cmd/worker/main.go:454.74,456.3 1 0
github.com/mark3748/helpdesk-go/cmd/worker/main.go:460.84,464.73 2 0
github.com/mark3748/helpdesk-go/cmd/worker/main.go:464.73,471.3 3 0
github.com/mark3748/helpdesk-go/cmd/worker/main.go:474.2,474.72 1 0
github.com/mark3748/helpdesk-go/cmd/worker/main.go:474.72,481.38 4 0
github.com/mark3748/helpdesk-go/cmd/worker/main.go:481.38,484.4 2 0
github.com/mark3748/helpdesk-go/cmd/worker/main.go:484.9,486.4 1 0
github.com/mark3748/helpdesk-go/cmd/worker/main.go:489.3,489.45 1 0
github.com/mark3748/helpdesk-go/cmd/worker/main.go:489.45,492.4 2 0
github.com/mark3748/helpdesk-go/cmd/worker/main.go:492.9,494.4 1 0
github.com/mark3748/helpdesk-go/cmd/worker/main.go:496.3,501.24 2 0
github.com/mark3748/helpdesk-go/cmd/worker/main.go:501.24,503.4 1 0
github.com/mark3748/helpdesk-go/cmd/worker/main.go:503.9,505.4 1 0
github.com/mark3748/helpdesk-go/cmd/worker/main.go:506.3,506.38 1 0
github.com/mark3748/helpdesk-go/cmd/worker/main.go:509.2,515.79 3 0
github.com/mark3748/helpdesk-go/cmd/worker/main.go:515.79,517.3 1 0
github.com/mark3748/helpdesk-go/cmd/worker/main.go:520.13,523.20 3 0
github.com/mark3748/helpdesk-go/cmd/worker/main.go:523.20,525.3 1 0
github.com/mark3748/helpdesk-go/cmd/worker/main.go:526.2,526.54 1 0
github.com/mark3748/helpdesk-go/cmd/worker/main.go:526.54,528.3 1 0
github.com/mark3748/helpdesk-go/cmd/worker/main.go:528.8,531.17 3 0
github.com/mark3748/helpdesk-go/cmd/worker/main.go:531.17,533.4 1 0
github.com/mark3748/helpdesk-go/cmd/worker/main.go:533.9,534.22 1 0
github.com/mark3748/helpdesk-go/cmd/worker/main.go:534.22,536.5 1 0
github.com/mark3748/helpdesk-go/cmd/worker/main.go:536.10,538.5 1 0
github.com/mark3748/helpdesk-go/cmd/worker/main.go:539.4,539.19 1 0
github.com/mark3748/helpdesk-go/cmd/worker/main.go:542.2,547.16 4 0
github.com/mark3748/helpdesk-go/cmd/worker/main.go:547.16,549.3 1 0
github.com/mark3748/helpdesk-go/cmd/worker/main.go:550.2,556.44 4 0
github.com/mark3748/helpdesk-go/cmd/worker/main.go:556.44,558.3 1 0
github.com/mark3748/helpdesk-go/cmd/worker/main.go:559.2,566.27 5 0
github.com/mark3748/helpdesk-go/cmd/worker/main.go:566.27,571.17 2 0
github.com/mark3748/helpdesk-go/cmd/worker/main.go:571.17,573.4 1 0
github.com/mark3748/helpdesk-go/cmd/worker/main.go:573.9,575.4 1 0
github.com/mark3748/helpdesk-go/cmd/worker/main.go:578.2,578.22 1 0
github.com/mark3748/helpdesk-go/cmd/worker/main.go:578.22,579.13 1 0
github.com/mark3748/helpdesk-go/cmd/worker/main.go:579.13,580.8 1 0
github.com/mark3748/helpdesk-go/cmd/worker/main.go:580.8,581.57 1 0
github.com/mark3748/helpdesk-go/cmd/worker/main.go:581.57,583.6 1 0
github.com/mark3748/helpdesk-go/cmd/worker/main.go:584.5,584.28 1 0
github.com/mark3748/helpdesk-go/cmd/worker/main.go:589.2,589.12 1 0
github.com/mark3748/helpdesk-go/cmd/worker/main.go:589.12,592.22 3 0
github.com/mark3748/helpdesk-go/cmd/worker/main.go:592.22,593.51 1 0
github.com/mark3748/helpdesk-go/cmd/worker/main.go:593.51,595.5 1 0
github.com/mark3748/helpdesk-go/cmd/worker/main.go:599.2,599.31 1 0
github.com/mark3748/helpdesk-go/cmd/worker/main.go:599.31,600.13 1 0
github.com/mark3748/helpdesk-go/cmd/worker/main.go:600.13,603.8 3 0
github.com/mark3748/helpdesk-go/cmd/worker/main.go:603.8,604.66 1 0
github.com/mark3748/helpdesk-go/cmd/worker/main.go:604.66,606.6 1 0
github.com/mark3748/helpdesk-go/cmd/worker/main.go:607.5,607.15 1 0
github.com/mark3748/helpdesk-go/cmd/worker/main.go:612.2,613.6 2 0
github.com/mark3748/helpdesk-go/cmd/worker/main.go:613.6,615.17 2 0
github.com/mark3748/helpdesk-go/cmd/worker/main.go:615.17,617.12 2 0
github.com/mark3748/helpdesk-go/cmd/worker/main.go:619.3,619.19 1 0
github.com/mark3748/helpdesk-go/cmd/worker/main.go:619.19,620.12 1 0
github.com/mark3748/helpdesk-go/cmd/worker/main.go:622.3,625.62 4 0
github.com/mark3748/helpdesk-go/cmd/worker/main.go:625.62,627.12 2 0
github.com/mark3748/helpdesk-go/cmd/worker/main.go:629.3,629.19 1 0
github.com/mark3748/helpdesk-go/cmd/worker/main.go:630.21,632.56 2 0
github.com/mark3748/helpdesk-go/cmd/worker/main.go:632.56,634.13 2 0
github.com/mark3748/helpdesk-go/cmd/worker/main.go:636.4,636.52 1 0
github.com/mark3748/helpdesk-go/cmd/worker/main.go:636.52,638.23 2 0
github.com/mark3748/helpdesk-go/cmd/worker/main.go:638.23,642.61 4 0
github.com/mark3748/helpdesk-go/cmd/worker/main.go:642.61,644.7 1 0
github.com/mark3748/helpdesk-go/cmd/worker/main.go:647.25,649.56 2 0
github.com/mark3748/helpdesk-go/cmd/worker/main.go:649.56,651.13 2 0
github.com/mark3748/helpdesk-go/cmd/worker/main.go:653.4,653.62 1 0
github.com/mark3748/helpdesk-go/cmd/worker/main.go:654.23,655.56 1 0
github.com/mark3748/helpdesk-go/cmd/worker/main.go:656.11,657.60 1 0
github.com/mark3748/helpdesk-go/cmd/worker/main.go:662.60,673.16 2 1
github.com/mark3748/helpdesk-go/cmd/worker/main.go:673.16,675.3 1 0
github.com/mark3748/helpdesk-go/cmd/worker/main.go:676.2,679.18 4 1
github.com/mark3748/helpdesk-go/cmd/worker/main.go:679.18,685.119 6 1
github.com/mark3748/helpdesk-go/cmd/worker/main.go:685.119,687.12 2 0
github.com/mark3748/helpdesk-go/cmd/worker/main.go:689.3,689.13 1 1
github.com/mark3748/helpdesk-go/cmd/worker/main.go:689.13,690.12 1 1
github.com/mark3748/helpdesk-go/cmd/worker/main.go:692.3,692.18 1 1
github.com/mark3748/helpdesk-go/cmd/worker/main.go:692.18,693.12 1 0
github.com/mark3748/helpdesk-go/cmd/worker/main.go:695.3,696.10 2 1
github.com/mark3748/helpdesk-go/cmd/worker/main.go:696.10,698.18 2 1
github.com/mark3748/helpdesk-go/cmd/worker/main.go:698.18,700.13 2 0
github.com/mark3748/helpdesk-go/cmd/worker/main.go:702.4,702.26 1 1
github.com/mark3748/helpdesk-go/cmd/worker/main.go:704.3,708.17 5 1
github.com/mark3748/helpdesk-go/cmd/worker/main.go:708.17,710.4 1 0
github.com/mark3748/helpdesk-go/cmd/worker/main.go:711.3,711.59 1 1
github.com/mark3748/helpdesk-go/cmd/worker/main.go:711.59,713.4 1 0
github.com/mark3748/helpdesk-go/cmd/worker/main.go:714.3,714.56 1 1
github.com/mark3748/helpdesk-go/cmd/worker/main.go:714.56,716.4 1 0
github.com/mark3748/helpdesk-go/cmd/worker/main.go:718.2,718.19 1 1
github.com/mark3748/helpdesk-go/internal/ratelimit/ratelimit.go:24.86,25.18 1 1
github.com/mark3748/helpdesk-go/internal/ratelimit/ratelimit.go:25.18,27.3 1 0
github.com/mark3748/helpdesk-go/internal/ratelimit/ratelimit.go:27.8,27.46 1 1
github.com/mark3748/helpdesk-go/internal/ratelimit/ratelimit.go:27.46,29.3 1 1
github.com/mark3748/helpdesk-go/internal/ratelimit/ratelimit.go:30.2,30.73 1 1
github.com/mark3748/helpdesk-go/internal/ratelimit/ratelimit.go:34.72,35.34 1 1
github.com/mark3748/helpdesk-go/internal/ratelimit/ratelimit.go:35.34,37.3 1 0
github.com/mark3748/helpdesk-go/internal/ratelimit/ratelimit.go:38.2,41.16 4 1
github.com/mark3748/helpdesk-go/internal/ratelimit/ratelimit.go:41.16,43.3 1 0
github.com/mark3748/helpdesk-go/internal/ratelimit/ratelimit.go:44.2,44.22 1 1
github.com/mark3748/helpdesk-go/internal/ratelimit/ratelimit.go:49.81,50.30 1 1
github.com/mark3748/helpdesk-go/internal/ratelimit/ratelimit.go:50.30,53.24 3 1
github.com/mark3748/helpdesk-go/internal/ratelimit/ratelimit.go:53.24,56.4 2 1
github.com/mark3748/helpdesk-go/internal/ratelimit/ratelimit.go:57.3,57.11 1 1
github.com/mark3748/helpdesk-go/internal/s3/presign.go:21.116,22.32 1 1
github.com/mark3748/helpdesk-go/internal/s3/presign.go:22.32,24.3 1 1
github.com/mark3748/helpdesk-go/internal/s3/presign.go:25.2,26.16 2 1
github.com/mark3748/helpdesk-go/internal/s3/presign.go:26.16,28.3 1 0
github.com/mark3748/helpdesk-go/internal/s3/presign.go:30.2,31.24 2 1
github.com/mark3748/helpdesk-go/internal/s3/presign.go:35.113,36.32 1 1
github.com/mark3748/helpdesk-go/internal/s3/presign.go:36.32,38.3 1 0
github.com/mark3748/helpdesk-go/internal/s3/presign.go:39.2,40.20 2 1
github.com/mark3748/helpdesk-go/internal/s3/presign.go:40.20,42.3 1 1
github.com/mark3748/helpdesk-go/internal/s3/presign.go:43.2,44.16 2 1
github.com/mark3748/helpdesk-go/internal/s3/presign.go:44.16,46.3 1 0
github.com/mark3748/helpdesk-go/internal/s3/presign.go:47.2,47.24 1 1
github.com/mark3748/helpdesk-go/internal/sla/policies.go:24.71,26.16 2 0
github.com/mark3748/helpdesk-go/internal/sla/policies.go:26.16,28.3 1 0
github.com/mark3748/helpdesk-go/internal/sla/policies.go:29.2,31.18 3 0
github.com/mark3748/helpdesk-go/internal/sla/policies.go:31.18,33.134 2 0
github.com/mark3748/helpdesk-go/internal/sla/policies.go:33.134,35.4 1 0
github.com/mark3748/helpdesk-go/internal/sla/policies.go:36.3,36.23 1 0
github.com/mark3748/helpdesk-go/internal/sla/policies.go:38.2,38.24 1 0
github.com/mark3748/helpdesk-go/internal/sla/sla.go:26.77,28.95 2 1
github.com/mark3748/helpdesk-go/internal/sla/sla.go:28.95,30.3 1 0
github.com/mark3748/helpdesk-go/internal/sla/sla.go:31.2,32.16 2 1
github.com/mark3748/helpdesk-go/internal/sla/sla.go:32.16,34.3 1 0
github.com/mark3748/helpdesk-go/internal/sla/sla.go:35.2,41.16 3 1
github.com/mark3748/helpdesk-go/internal/sla/sla.go:41.16,43.3 1 0
github.com/mark3748/helpdesk-go/internal/sla/sla.go:44.2,45.20 2 1
github.com/mark3748/helpdesk-go/internal/sla/sla.go:45.20,47.57 2 1
github.com/mark3748/helpdesk-go/internal/sla/sla.go:47.57,49.4 1 1
github.com/mark3748/helpdesk-go/internal/sla/sla.go:52.2,53.16 2 1
github.com/mark3748/helpdesk-go/internal/sla/sla.go:53.16,55.3 1 0
github.com/mark3748/helpdesk-go/internal/sla/sla.go:56.2,57.19 2 1
github.com/mark3748/helpdesk-go/internal/sla/sla.go:57.19,59.40 2 1
github.com/mark3748/helpdesk-go/internal/sla/sla.go:59.40,62.4 2 1
github.com/mark3748/helpdesk-go/internal/sla/sla.go:64.2,64.17 1 1
github.com/mark3748/helpdesk-go/internal/sla/sla.go:67.73,68.23 1 1
github.com/mark3748/helpdesk-go/internal/sla/sla.go:68.23,70.3 1 1
github.com/mark3748/helpdesk-go/internal/sla/sla.go:71.2,75.22 5 1
github.com/mark3748/helpdesk-go/internal/sla/sla.go:75.22,78.40 3 1
github.com/mark3748/helpdesk-go/internal/sla/sla.go:78.40,80.12 2 1
github.com/mark3748/helpdesk-go/internal/sla/sla.go:82.3,83.10 2 1
github.com/mark3748/helpdesk-go/internal/sla/sla.go:83.10,85.12 2 1
github.com/mark3748/helpdesk-go/internal/sla/sla.go:87.3,89.26 3 1
github.com/mark3748/helpdesk-go/internal/sla/sla.go:89.26,91.4 1 1
github.com/mark3748/helpdesk-go/internal/sla/sla.go:92.3,92.23 1 1
github.com/mark3748/helpdesk-go/internal/sla/sla.go:92.23,94.12 2 0
github.com/mark3748/helpdesk-go/internal/sla/sla.go:96.3,97.19 2 1
github.com/mark3748/helpdesk-go/internal/sla/sla.go:97.19,99.4 1 1
github.com/mark3748/helpdesk-go/internal/sla/sla.go:100.3,101.23 2 1
github.com/mark3748/helpdesk-go/internal/sla/sla.go:101.23,103.4 1 1
github.com/mark3748/helpdesk-go/internal/sla/sla.go:105.2,105.14 1 1
github.com/mark3748/helpdesk-go/internal/sla/sla.go:108.40,109.17 1 1
github.com/mark3748/helpdesk-go/internal/sla/sla.go:109.17,111.3 1 1
github.com/mark3748/helpdesk-go/internal/sla/sla.go:112.2,112.10 1 1
github.com/mark3748/helpdesk-go/cmd/api/users/users.go:15.48,16.30 1 1
github.com/mark3748/helpdesk-go/cmd/api/users/users.go:16.30,18.10 2 1
github.com/mark3748/helpdesk-go/cmd/api/users/users.go:18.10,21.4 2 0
github.com/mark3748/helpdesk-go/cmd/api/users/users.go:25.3,32.18 3 1
github.com/mark3748/helpdesk-go/cmd/api/users/users.go:32.18,36.4 3 1
github.com/mark3748/helpdesk-go/cmd/api/users/users.go:37.3,37.27 1 1
github.com/mark3748/helpdesk-go/cmd/api/users/users.go:42.51,43.30 1 0
github.com/mark3748/helpdesk-go/cmd/api/users/users.go:43.30,44.32 1 0
github.com/mark3748/helpdesk-go/cmd/api/users/users.go:44.32,47.4 2 0
github.com/mark3748/helpdesk-go/cmd/api/users/users.go:48.3,49.10 2 0
github.com/mark3748/helpdesk-go/cmd/api/users/users.go:49.10,52.4 2 0
github.com/mark3748/helpdesk-go/cmd/api/users/users.go:53.3,58.47 3 0
github.com/mark3748/helpdesk-go/cmd/api/users/users.go:58.47,61.4 2 0
github.com/mark3748/helpdesk-go/cmd/api/users/users.go:62.3,62.47 1 0
github.com/mark3748/helpdesk-go/cmd/api/users/users.go:62.47,65.4 2 0
github.com/mark3748/helpdesk-go/cmd/api/users/users.go:66.3,66.22 1 0
github.com/mark3748/helpdesk-go/cmd/api/users/users.go:66.22,67.136 1 0
github.com/mark3748/helpdesk-go/cmd/api/users/users.go:67.136,70.5 2 0
github.com/mark3748/helpdesk-go/cmd/api/users/users.go:72.3,72.28 1 0
github.com/mark3748/helpdesk-go/cmd/api/users/users.go:72.28,73.149 1 0
github.com/mark3748/helpdesk-go/cmd/api/users/users.go:73.149,76.5 2 0
github.com/mark3748/helpdesk-go/cmd/api/users/users.go:78.3,78.43 1 0
github.com/mark3748/helpdesk-go/cmd/api/users/users.go:83.52,84.30 1 0
github.com/mark3748/helpdesk-go/cmd/api/users/users.go:84.30,85.32 1 0
github.com/mark3748/helpdesk-go/cmd/api/users/users.go:85.32,88.4 2 0
github.com/mark3748/helpdesk-go/cmd/api/users/users.go:89.3,90.10 2 0
github.com/mark3748/helpdesk-go/cmd/api/users/users.go:90.10,93.4 2 0
github.com/mark3748/helpdesk-go/cmd/api/users/users.go:94.3,99.95 3 0
github.com/mark3748/helpdesk-go/cmd/api/users/users.go:99.95,102.4 2 0
github.com/mark3748/helpdesk-go/cmd/api/users/users.go:103.3,104.172 2 0
github.com/mark3748/helpdesk-go/cmd/api/users/users.go:104.172,107.4 2 0
github.com/mark3748/helpdesk-go/cmd/api/users/users.go:108.3,108.95 1 0
github.com/mark3748/helpdesk-go/cmd/api/users/users.go:108.95,111.4 2 0
github.com/mark3748/helpdesk-go/cmd/api/users/users.go:112.3,113.17 2 0
github.com/mark3748/helpdesk-go/cmd/api/users/users.go:113.17,116.4 2 0
github.com/mark3748/helpdesk-go/cmd/api/users/users.go:117.3,117.125 1 0
github.com/mark3748/helpdesk-go/cmd/api/users/users.go:117.125,120.4 2 0
github.com/mark3748/helpdesk-go/cmd/api/users/users.go:121.3,121.43 1 0
github.com/mark3748/helpdesk-go/cmd/api/users/users.go:127.42,136.30 2 1
github.com/mark3748/helpdesk-go/cmd/api/users/users.go:136.30,146.14 5 1
github.com/mark3748/helpdesk-go/cmd/api/users/users.go:146.14,149.4 2 0
github.com/mark3748/helpdesk-go/cmd/api/users/users.go:150.3,152.17 3 1
github.com/mark3748/helpdesk-go/cmd/api/users/users.go:152.17,155.4 2 1
github.com/mark3748/helpdesk-go/cmd/api/users/users.go:156.3,158.19 3 1
github.com/mark3748/helpdesk-go/cmd/api/users/users.go:158.19,161.105 3 1
github.com/mark3748/helpdesk-go/cmd/api/users/users.go:161.105,164.5 2 0
github.com/mark3748/helpdesk-go/cmd/api/users/users.go:165.4,165.19 1 1
github.com/mark3748/helpdesk-go/cmd/api/users/users.go:165.19,167.5 1 1
github.com/mark3748/helpdesk-go/cmd/api/users/users.go:167.10,169.5 1 0
github.com/mark3748/helpdesk-go/cmd/api/users/users.go:170.4,170.24 1 1
github.com/mark3748/helpdesk-go/cmd/api/users/users.go:172.3,172.29 1 1
github.com/mark3748/helpdesk-go/cmd/api/users/users.go:177.41,185.30 2 1
github.com/mark3748/helpdesk-go/cmd/api/users/users.go:185.30,186.18 1 1
github.com/mark3748/helpdesk-go/cmd/api/users/users.go:186.18,189.4 2 0
github.com/mark3748/helpdesk-go/cmd/api/users/users.go:190.3,192.95 3 1
github.com/mark3748/helpdesk-go/cmd/api/users/users.go:192.95,195.4 2 1
github.com/mark3748/helpdesk-go/cmd/api/users/users.go:196.3,196.27 1 1
github.com/mark3748/helpdesk-go/cmd/api/users/users.go:201.49,202.30 1 1
github.com/mark3748/helpdesk-go/cmd/api/users/users.go:202.30,209.89 2 1
github.com/mark3748/helpdesk-go/cmd/api/users/users.go:209.89,212.4 2 1
github.com/mark3748/helpdesk-go/cmd/api/users/users.go:213.3,214.17 2 1
github.com/mark3748/helpdesk-go/cmd/api/users/users.go:214.17,217.4 2 0
github.com/mark3748/helpdesk-go/cmd/api/users/users.go:218.3,224.146 3 1
github.com/mark3748/helpdesk-go/cmd/api/users/users.go:224.146,227.4 2 1
github.com/mark3748/helpdesk-go/cmd/api/users/users.go:228.3,228.46 1 1
github.com/mark3748/helpdesk-go/cmd/api/users/users.go:233.47,234.30 1 0
github.com/mark3748/helpdesk-go/cmd/api/users/users.go:234.30,236.17 2 0
github.com/mark3748/helpdesk-go/cmd/api/users/users.go:236.17,239.4 2 0
github.com/mark3748/helpdesk-go/cmd/api/users/users.go:240.3,242.19 3 0
github.com/mark3748/helpdesk-go/cmd/api/users/users.go:242.19,244.43 2 0
github.com/mark3748/helpdesk-go/cmd/api/users/users.go:244.43,245.35 1 0
github.com/mark3748/helpdesk-go/cmd/api/users/users.go:245.35,247.6 1 0
github.com/mark3748/helpdesk-go/cmd/api/users/users.go:250.3,250.29 1 0
